The system is: Linux - 5.4.0-51-generic - x86_64
Compiling the C compiler identification source file "CMakeCCompilerId.c" succeeded.
Compiler: /home/thor/anaconda3/bin/x86_64-conda_cos6-linux-gnu-cc 
Build flags: -march=nocona;-mtune=haswell;-ftree-vectorize;-fPIC;-fstack-protector-strong;-fno-plt;-O2;-ffunction-sections;-pipe;-isystem;/home/thor/anaconda3/include
Id flags:  

The output was:
0


Compilation of the C compiler identification source "CMakeCCompilerId.c" produced "a.out"

The C compiler identification is GNU, found in "/home/thor/Progs/imgui_test/Assignments/Assiignment3/depends/DevIL/build/CMakeFiles/3.15.2/CompilerIdC/a.out"

Compiling the CXX compiler identification source file "CMakeCXXCompilerId.cpp" succeeded.
Compiler: /home/thor/anaconda3/bin/x86_64-conda_cos6-linux-gnu-c++ 
Build flags: -fvisibility-inlines-hidden;-std=c++17;-fmessage-length=0;-march=nocona;-mtune=haswell;-ftree-vectorize;-fPIC;-fstack-protector-strong;-fno-plt;-O2;-ffunction-sections;-pipe;-isystem;/home/thor/anaconda3/include
Id flags:  

The output was:
0


Compilation of the CXX compiler identification source "CMakeCXXCompilerId.cpp" produced "a.out"

The CXX compiler identification is GNU, found in "/home/thor/Progs/imgui_test/Assignments/Assiignment3/depends/DevIL/build/CMakeFiles/3.15.2/CompilerIdCXX/a.out"

Determining if the C compiler works passed with the following output:
Change Dir: /home/thor/Progs/imgui_test/Assignments/Assiignment3/depends/DevIL/build/CMakeFiles/CMakeTmp

Run Build Command(s):/usr/bin/make cmTC_35930/fast && /usr/bin/make -f CMakeFiles/cmTC_35930.dir/build.make CMakeFiles/cmTC_35930.dir/build
make[1]: Entering directory '/home/thor/Progs/imgui_test/Assignments/Assiignment3/depends/DevIL/build/CMakeFiles/CMakeTmp'
Building C object CMakeFiles/cmTC_35930.dir/testCCompiler.c.o
/home/thor/anaconda3/bin/x86_64-conda_cos6-linux-gnu-cc   -march=nocona -mtune=haswell -ftree-vectorize -fPIC -fstack-protector-strong -fno-plt -O2 -ffunction-sections -pipe -isystem /home/thor/anaconda3/include    -o CMakeFiles/cmTC_35930.dir/testCCompiler.c.o   -c /home/thor/Progs/imgui_test/Assignments/Assiignment3/depends/DevIL/build/CMakeFiles/CMakeTmp/testCCompiler.c
Linking C executable cmTC_35930
/usr/local/bin/cmake -E cmake_link_script CMakeFiles/cmTC_35930.dir/link.txt --verbose=1
/home/thor/anaconda3/bin/x86_64-conda_cos6-linux-gnu-cc -march=nocona -mtune=haswell -ftree-vectorize -fPIC -fstack-protector-strong -fno-plt -O2 -ffunction-sections -pipe -isystem /home/thor/anaconda3/include   -Wl,-O2 -Wl,--sort-common -Wl,--as-needed -Wl,-z,relro -Wl,-z,now -Wl,--disable-new-dtags -Wl,--gc-sections -Wl,-rpath,/home/thor/anaconda3/lib -Wl,-rpath-link,/home/thor/anaconda3/lib -L/home/thor/anaconda3/lib  -rdynamic CMakeFiles/cmTC_35930.dir/testCCompiler.c.o  -o cmTC_35930 
make[1]: Leaving directory '/home/thor/Progs/imgui_test/Assignments/Assiignment3/depends/DevIL/build/CMakeFiles/CMakeTmp'



Detecting C compiler ABI info compiled with the following output:
Change Dir: /home/thor/Progs/imgui_test/Assignments/Assiignment3/depends/DevIL/build/CMakeFiles/CMakeTmp

Run Build Command(s):/usr/bin/make cmTC_9be97/fast && /usr/bin/make -f CMakeFiles/cmTC_9be97.dir/build.make CMakeFiles/cmTC_9be97.dir/build
make[1]: Entering directory '/home/thor/Progs/imgui_test/Assignments/Assiignment3/depends/DevIL/build/CMakeFiles/CMakeTmp'
Building C object CMakeFiles/cmTC_9be97.dir/CMakeCCompilerABI.c.o
/home/thor/anaconda3/bin/x86_64-conda_cos6-linux-gnu-cc   -march=nocona -mtune=haswell -ftree-vectorize -fPIC -fstack-protector-strong -fno-plt -O2 -ffunction-sections -pipe -isystem /home/thor/anaconda3/include    -v -o CMakeFiles/cmTC_9be97.dir/CMakeCCompilerABI.c.o   -c /usr/local/share/cmake-3.15/Modules/CMakeCCompilerABI.c
Reading specs from /home/thor/anaconda3/bin/../lib/gcc/x86_64-conda_cos6-linux-gnu/7.3.0/specs
COLLECT_GCC=/home/thor/anaconda3/bin/x86_64-conda_cos6-linux-gnu-cc
Target: x86_64-conda_cos6-linux-gnu
Configured with: /home/rdonnelly/mc/conda-bld/compilers_linux-64_1534865402226/work/.build/x86_64-conda_cos6-linux-gnu/src/gcc/configure --build=x86_64-build_pc-linux-gnu --host=x86_64-build_pc-linux-gnu --target=x86_64-conda_cos6-linux-gnu --prefix=/home/rdonnelly/mc/conda-bld/compilers_linux-64_1534865402226/work/gcc_built --with-sysroot=/home/rdonnelly/mc/conda-bld/compilers_linux-64_1534865402226/work/gcc_built/x86_64-conda_cos6-linux-gnu/sysroot --enable-languages=c,c++,fortran,objc,obj-c++ --with-pkgversion='crosstool-NG 1.23.0.449-a04d0' --enable-__cxa_atexit --disable-libmudflap --enable-libgomp --disable-libssp --enable-libquadmath --enable-libquadmath-support --enable-libsanitizer --enable-libmpx --with-gmp=/home/rdonnelly/mc/conda-bld/compilers_linux-64_1534865402226/work/.build/x86_64-conda_cos6-linux-gnu/buildtools --with-mpfr=/home/rdonnelly/mc/conda-bld/compilers_linux-64_1534865402226/work/.build/x86_64-conda_cos6-linux-gnu/buildtools --with-mpc=/home/rdonnelly/mc/conda-bld/compilers_linux-64_1534865402226/work/.build/x86_64-conda_cos6-linux-gnu/buildtools --with-isl=/home/rdonnelly/mc/conda-bld/compilers_linux-64_1534865402226/work/.build/x86_64-conda_cos6-linux-gnu/buildtools --enable-lto --enable-threads=posix --enable-target-optspace --enable-plugin --enable-gold --disable-nls --disable-multilib --with-local-prefix=/home/rdonnelly/mc/conda-bld/compilers_linux-64_1534865402226/work/gcc_built/x86_64-conda_cos6-linux-gnu/sysroot --enable-long-long --enable-default-pie
Thread model: posix
gcc version 7.3.0 (crosstool-NG 1.23.0.449-a04d0) 
COLLECT_GCC_OPTIONS='-march=nocona' '-mtune=haswell' '-ftree-vectorize' '-fPIC' '-fstack-protector-strong' '-fno-plt' '-O2' '-ffunction-sections' '-pipe' '-isystem' '/home/thor/anaconda3/include' '-v' '-o' 'CMakeFiles/cmTC_9be97.dir/CMakeCCompilerABI.c.o' '-c'
 /home/thor/anaconda3/bin/../libexec/gcc/x86_64-conda_cos6-linux-gnu/7.3.0/cc1 -quiet -v -iprefix /home/thor/anaconda3/bin/../lib/gcc/x86_64-conda_cos6-linux-gnu/7.3.0/ -isysroot /home/thor/anaconda3/bin/../x86_64-conda_cos6-linux-gnu/sysroot -isystem /home/thor/anaconda3/include /usr/local/share/cmake-3.15/Modules/CMakeCCompilerABI.c -quiet -dumpbase CMakeCCompilerABI.c -march=nocona -mtune=haswell -auxbase-strip CMakeFiles/cmTC_9be97.dir/CMakeCCompilerABI.c.o -O2 -version -ftree-vectorize -fPIC -fstack-protector-strong -fno-plt -ffunction-sections -o - |
 /home/thor/anaconda3/bin/../lib/gcc/x86_64-conda_cos6-linux-gnu/7.3.0/../../../../x86_64-conda_cos6-linux-gnu/bin/as -v --64 -o CMakeFiles/cmTC_9be97.dir/CMakeCCompilerABI.c.o
GNU assembler version 2.34 (x86_64-conda_cos6-linux-gnu) using BFD version (GNU Binutils) 2.34
GNU C11 (crosstool-NG 1.23.0.449-a04d0) version 7.3.0 (x86_64-conda_cos6-linux-gnu)
	compiled by GNU C version 4.4.7 20120313 (Red Hat 4.4.7-18), GMP version 6.1.2, MPFR version 4.0.1, MPC version 1.1.0, isl version isl-0.19-GMP

GGC heuristics: --param ggc-min-expand=100 --param ggc-min-heapsize=131072
ignoring duplicate directory "/home/thor/anaconda3/bin/../lib/gcc/../../lib/gcc/x86_64-conda_cos6-linux-gnu/7.3.0/include"
ignoring nonexistent directory "/home/thor/anaconda3/bin/../x86_64-conda_cos6-linux-gnu/sysroot/home/rdonnelly/mc/conda-bld/compilers_linux-64_1534865402226/work/gcc_built/x86_64-conda_cos6-linux-gnu/sysroot/include"
ignoring duplicate directory "/home/thor/anaconda3/bin/../lib/gcc/../../lib/gcc/x86_64-conda_cos6-linux-gnu/7.3.0/include-fixed"
ignoring duplicate directory "/home/thor/anaconda3/bin/../lib/gcc/../../lib/gcc/x86_64-conda_cos6-linux-gnu/7.3.0/../../../../x86_64-conda_cos6-linux-gnu/include"
#include "..." search starts here:
#include <...> search starts here:
 /home/thor/anaconda3/include
 /home/thor/anaconda3/bin/../lib/gcc/x86_64-conda_cos6-linux-gnu/7.3.0/include
 /home/thor/anaconda3/bin/../lib/gcc/x86_64-conda_cos6-linux-gnu/7.3.0/include-fixed
 /home/thor/anaconda3/bin/../lib/gcc/x86_64-conda_cos6-linux-gnu/7.3.0/../../../../x86_64-conda_cos6-linux-gnu/include
 /home/thor/anaconda3/bin/../x86_64-conda_cos6-linux-gnu/sysroot/usr/include
End of search list.
GNU C11 (crosstool-NG 1.23.0.449-a04d0) version 7.3.0 (x86_64-conda_cos6-linux-gnu)
	compiled by GNU C version 4.4.7 20120313 (Red Hat 4.4.7-18), GMP version 6.1.2, MPFR version 4.0.1, MPC version 1.1.0, isl version isl-0.19-GMP

GGC heuristics: --param ggc-min-expand=100 --param ggc-min-heapsize=131072
Compiler executable checksum: 5f20d987048986f2a55289b7d7729157
COMPILER_PATH=/home/thor/anaconda3/bin/../libexec/gcc/x86_64-conda_cos6-linux-gnu/7.3.0/:/home/thor/anaconda3/bin/../libexec/gcc/:/home/thor/anaconda3/bin/../lib/gcc/x86_64-conda_cos6-linux-gnu/7.3.0/../../../../x86_64-conda_cos6-linux-gnu/bin/
LIBRARY_PATH=/home/thor/anaconda3/bin/../lib/gcc/x86_64-conda_cos6-linux-gnu/7.3.0/:/home/thor/anaconda3/bin/../lib/gcc/:/home/thor/anaconda3/bin/../lib/gcc/x86_64-conda_cos6-linux-gnu/7.3.0/../../../../x86_64-conda_cos6-linux-gnu/lib/../lib/:/home/thor/anaconda3/bin/../x86_64-conda_cos6-linux-gnu/sysroot/lib/../lib/:/home/thor/anaconda3/bin/../x86_64-conda_cos6-linux-gnu/sysroot/usr/lib/../lib/:/home/thor/anaconda3/bin/../lib/gcc/x86_64-conda_cos6-linux-gnu/7.3.0/../../../../x86_64-conda_cos6-linux-gnu/lib/:/home/thor/anaconda3/bin/../x86_64-conda_cos6-linux-gnu/sysroot/lib/:/home/thor/anaconda3/bin/../x86_64-conda_cos6-linux-gnu/sysroot/usr/lib/
COLLECT_GCC_OPTIONS='-march=nocona' '-mtune=haswell' '-ftree-vectorize' '-fPIC' '-fstack-protector-strong' '-fno-plt' '-O2' '-ffunction-sections' '-pipe' '-isystem' '/home/thor/anaconda3/include' '-v' '-o' 'CMakeFiles/cmTC_9be97.dir/CMakeCCompilerABI.c.o' '-c'
Linking C executable cmTC_9be97
/usr/local/bin/cmake -E cmake_link_script CMakeFiles/cmTC_9be97.dir/link.txt --verbose=1
/home/thor/anaconda3/bin/x86_64-conda_cos6-linux-gnu-cc -march=nocona -mtune=haswell -ftree-vectorize -fPIC -fstack-protector-strong -fno-plt -O2 -ffunction-sections -pipe -isystem /home/thor/anaconda3/include   -Wl,-O2 -Wl,--sort-common -Wl,--as-needed -Wl,-z,relro -Wl,-z,now -Wl,--disable-new-dtags -Wl,--gc-sections -Wl,-rpath,/home/thor/anaconda3/lib -Wl,-rpath-link,/home/thor/anaconda3/lib -L/home/thor/anaconda3/lib -v -rdynamic CMakeFiles/cmTC_9be97.dir/CMakeCCompilerABI.c.o  -o cmTC_9be97 
Reading specs from /home/thor/anaconda3/bin/../lib/gcc/x86_64-conda_cos6-linux-gnu/7.3.0/specs
COLLECT_GCC=/home/thor/anaconda3/bin/x86_64-conda_cos6-linux-gnu-cc
COLLECT_LTO_WRAPPER=/home/thor/anaconda3/bin/../libexec/gcc/x86_64-conda_cos6-linux-gnu/7.3.0/lto-wrapper
Target: x86_64-conda_cos6-linux-gnu
Configured with: /home/rdonnelly/mc/conda-bld/compilers_linux-64_1534865402226/work/.build/x86_64-conda_cos6-linux-gnu/src/gcc/configure --build=x86_64-build_pc-linux-gnu --host=x86_64-build_pc-linux-gnu --target=x86_64-conda_cos6-linux-gnu --prefix=/home/rdonnelly/mc/conda-bld/compilers_linux-64_1534865402226/work/gcc_built --with-sysroot=/home/rdonnelly/mc/conda-bld/compilers_linux-64_1534865402226/work/gcc_built/x86_64-conda_cos6-linux-gnu/sysroot --enable-languages=c,c++,fortran,objc,obj-c++ --with-pkgversion='crosstool-NG 1.23.0.449-a04d0' --enable-__cxa_atexit --disable-libmudflap --enable-libgomp --disable-libssp --enable-libquadmath --enable-libquadmath-support --enable-libsanitizer --enable-libmpx --with-gmp=/home/rdonnelly/mc/conda-bld/compilers_linux-64_1534865402226/work/.build/x86_64-conda_cos6-linux-gnu/buildtools --with-mpfr=/home/rdonnelly/mc/conda-bld/compilers_linux-64_1534865402226/work/.build/x86_64-conda_cos6-linux-gnu/buildtools --with-mpc=/home/rdonnelly/mc/conda-bld/compilers_linux-64_1534865402226/work/.build/x86_64-conda_cos6-linux-gnu/buildtools --with-isl=/home/rdonnelly/mc/conda-bld/compilers_linux-64_1534865402226/work/.build/x86_64-conda_cos6-linux-gnu/buildtools --enable-lto --enable-threads=posix --enable-target-optspace --enable-plugin --enable-gold --disable-nls --disable-multilib --with-local-prefix=/home/rdonnelly/mc/conda-bld/compilers_linux-64_1534865402226/work/gcc_built/x86_64-conda_cos6-linux-gnu/sysroot --enable-long-long --enable-default-pie
Thread model: posix
gcc version 7.3.0 (crosstool-NG 1.23.0.449-a04d0) 
COMPILER_PATH=/home/thor/anaconda3/bin/../libexec/gcc/x86_64-conda_cos6-linux-gnu/7.3.0/:/home/thor/anaconda3/bin/../libexec/gcc/:/home/thor/anaconda3/bin/../lib/gcc/x86_64-conda_cos6-linux-gnu/7.3.0/../../../../x86_64-conda_cos6-linux-gnu/bin/
LIBRARY_PATH=/home/thor/anaconda3/bin/../lib/gcc/x86_64-conda_cos6-linux-gnu/7.3.0/:/home/thor/anaconda3/bin/../lib/gcc/:/home/thor/anaconda3/bin/../lib/gcc/x86_64-conda_cos6-linux-gnu/7.3.0/../../../../x86_64-conda_cos6-linux-gnu/lib/../lib/:/home/thor/anaconda3/bin/../x86_64-conda_cos6-linux-gnu/sysroot/lib/../lib/:/home/thor/anaconda3/bin/../x86_64-conda_cos6-linux-gnu/sysroot/usr/lib/../lib/:/home/thor/anaconda3/bin/../lib/gcc/x86_64-conda_cos6-linux-gnu/7.3.0/../../../../x86_64-conda_cos6-linux-gnu/lib/:/home/thor/anaconda3/bin/../x86_64-conda_cos6-linux-gnu/sysroot/lib/:/home/thor/anaconda3/bin/../x86_64-conda_cos6-linux-gnu/sysroot/usr/lib/
COLLECT_GCC_OPTIONS='-march=nocona' '-mtune=haswell' '-ftree-vectorize' '-fPIC' '-fstack-protector-strong' '-fno-plt' '-O2' '-ffunction-sections' '-pipe' '-isystem' '/home/thor/anaconda3/include' '-L/home/thor/anaconda3/lib' '-v' '-rdynamic' '-o' 'cmTC_9be97'
 /home/thor/anaconda3/bin/../libexec/gcc/x86_64-conda_cos6-linux-gnu/7.3.0/collect2 -plugin /home/thor/anaconda3/bin/../libexec/gcc/x86_64-conda_cos6-linux-gnu/7.3.0/liblto_plugin.so -plugin-opt=/home/thor/anaconda3/bin/../libexec/gcc/x86_64-conda_cos6-linux-gnu/7.3.0/lto-wrapper -plugin-opt=-fresolution=/tmp/cclR4xSe.res -plugin-opt=-pass-through=-lgcc -plugin-opt=-pass-through=-lgcc_s -plugin-opt=-pass-through=-lc -plugin-opt=-pass-through=-lgcc -plugin-opt=-pass-through=-lgcc_s --sysroot=/home/thor/anaconda3/bin/../x86_64-conda_cos6-linux-gnu/sysroot --eh-frame-hdr -m elf_x86_64 -export-dynamic -dynamic-linker /lib64/ld-linux-x86-64.so.2 -pie -o cmTC_9be97 /home/thor/anaconda3/bin/../x86_64-conda_cos6-linux-gnu/sysroot/usr/lib/../lib/Scrt1.o /home/thor/anaconda3/bin/../x86_64-conda_cos6-linux-gnu/sysroot/usr/lib/../lib/crti.o /home/thor/anaconda3/bin/../lib/gcc/x86_64-conda_cos6-linux-gnu/7.3.0/crtbeginS.o -L/home/thor/anaconda3/lib -L/home/thor/anaconda3/bin/../lib/gcc/x86_64-conda_cos6-linux-gnu/7.3.0 -L/home/thor/anaconda3/bin/../lib/gcc -L/home/thor/anaconda3/bin/../lib/gcc/x86_64-conda_cos6-linux-gnu/7.3.0/../../../../x86_64-conda_cos6-linux-gnu/lib/../lib -L/home/thor/anaconda3/bin/../x86_64-conda_cos6-linux-gnu/sysroot/lib/../lib -L/home/thor/anaconda3/bin/../x86_64-conda_cos6-linux-gnu/sysroot/usr/lib/../lib -L/home/thor/anaconda3/bin/../lib/gcc/x86_64-conda_cos6-linux-gnu/7.3.0/../../../../x86_64-conda_cos6-linux-gnu/lib -L/home/thor/anaconda3/bin/../x86_64-conda_cos6-linux-gnu/sysroot/lib -L/home/thor/anaconda3/bin/../x86_64-conda_cos6-linux-gnu/sysroot/usr/lib -rpath /home/thor/anaconda3/lib -O2 --sort-common --as-needed -z relro -z now --disable-new-dtags --gc-sections -rpath /home/thor/anaconda3/lib -rpath-link /home/thor/anaconda3/lib CMakeFiles/cmTC_9be97.dir/CMakeCCompilerABI.c.o -lgcc --as-needed -lgcc_s --no-as-needed -lc -lgcc --as-needed -lgcc_s --no-as-needed /home/thor/anaconda3/bin/../lib/gcc/x86_64-conda_cos6-linux-gnu/7.3.0/crtendS.o /home/thor/anaconda3/bin/../x86_64-conda_cos6-linux-gnu/sysroot/usr/lib/../lib/crtn.o
COLLECT_GCC_OPTIONS='-march=nocona' '-mtune=haswell' '-ftree-vectorize' '-fPIC' '-fstack-protector-strong' '-fno-plt' '-O2' '-ffunction-sections' '-pipe' '-isystem' '/home/thor/anaconda3/include' '-L/home/thor/anaconda3/lib' '-v' '-rdynamic' '-o' 'cmTC_9be97'
make[1]: Leaving directory '/home/thor/Progs/imgui_test/Assignments/Assiignment3/depends/DevIL/build/CMakeFiles/CMakeTmp'



Parsed C implicit include dir info from above output: rv=done
  found start of include info
  found start of implicit include info
    add: [/home/thor/anaconda3/include]
    add: [/home/thor/anaconda3/bin/../lib/gcc/x86_64-conda_cos6-linux-gnu/7.3.0/include]
    add: [/home/thor/anaconda3/bin/../lib/gcc/x86_64-conda_cos6-linux-gnu/7.3.0/include-fixed]
    add: [/home/thor/anaconda3/bin/../lib/gcc/x86_64-conda_cos6-linux-gnu/7.3.0/../../../../x86_64-conda_cos6-linux-gnu/include]
    add: [/home/thor/anaconda3/bin/../x86_64-conda_cos6-linux-gnu/sysroot/usr/include]
  end of search list found
  collapse include dir [/home/thor/anaconda3/include] ==> [/home/thor/anaconda3/include]
  collapse include dir [/home/thor/anaconda3/bin/../lib/gcc/x86_64-conda_cos6-linux-gnu/7.3.0/include] ==> [/home/thor/anaconda3/lib/gcc/x86_64-conda_cos6-linux-gnu/7.3.0/include]
  collapse include dir [/home/thor/anaconda3/bin/../lib/gcc/x86_64-conda_cos6-linux-gnu/7.3.0/include-fixed] ==> [/home/thor/anaconda3/lib/gcc/x86_64-conda_cos6-linux-gnu/7.3.0/include-fixed]
  collapse include dir [/home/thor/anaconda3/bin/../lib/gcc/x86_64-conda_cos6-linux-gnu/7.3.0/../../../../x86_64-conda_cos6-linux-gnu/include] ==> [/home/thor/anaconda3/x86_64-conda_cos6-linux-gnu/include]
  collapse include dir [/home/thor/anaconda3/bin/../x86_64-conda_cos6-linux-gnu/sysroot/usr/include] ==> [/home/thor/anaconda3/x86_64-conda_cos6-linux-gnu/sysroot/usr/include]
  implicit include dirs: [/home/thor/anaconda3/include;/home/thor/anaconda3/lib/gcc/x86_64-conda_cos6-linux-gnu/7.3.0/include;/home/thor/anaconda3/lib/gcc/x86_64-conda_cos6-linux-gnu/7.3.0/include-fixed;/home/thor/anaconda3/x86_64-conda_cos6-linux-gnu/include;/home/thor/anaconda3/x86_64-conda_cos6-linux-gnu/sysroot/usr/include]


Parsed C implicit link information from above output:
  link line regex: [^( *|.*[/\])(ld|CMAKE_LINK_STARTFILE-NOTFOUND|([^/\]+-)?ld|collect2)[^/\]*( |$)]
  ignore line: [Change Dir: /home/thor/Progs/imgui_test/Assignments/Assiignment3/depends/DevIL/build/CMakeFiles/CMakeTmp]
  ignore line: []
  ignore line: [Run Build Command(s):/usr/bin/make cmTC_9be97/fast && /usr/bin/make -f CMakeFiles/cmTC_9be97.dir/build.make CMakeFiles/cmTC_9be97.dir/build]
  ignore line: [make[1]: Entering directory '/home/thor/Progs/imgui_test/Assignments/Assiignment3/depends/DevIL/build/CMakeFiles/CMakeTmp']
  ignore line: [Building C object CMakeFiles/cmTC_9be97.dir/CMakeCCompilerABI.c.o]
  ignore line: [/home/thor/anaconda3/bin/x86_64-conda_cos6-linux-gnu-cc   -march=nocona -mtune=haswell -ftree-vectorize -fPIC -fstack-protector-strong -fno-plt -O2 -ffunction-sections -pipe -isystem /home/thor/anaconda3/include    -v -o CMakeFiles/cmTC_9be97.dir/CMakeCCompilerABI.c.o   -c /usr/local/share/cmake-3.15/Modules/CMakeCCompilerABI.c]
  ignore line: [Reading specs from /home/thor/anaconda3/bin/../lib/gcc/x86_64-conda_cos6-linux-gnu/7.3.0/specs]
  ignore line: [COLLECT_GCC=/home/thor/anaconda3/bin/x86_64-conda_cos6-linux-gnu-cc]
  ignore line: [Target: x86_64-conda_cos6-linux-gnu]
  ignore line: [Configured with: /home/rdonnelly/mc/conda-bld/compilers_linux-64_1534865402226/work/.build/x86_64-conda_cos6-linux-gnu/src/gcc/configure --build=x86_64-build_pc-linux-gnu --host=x86_64-build_pc-linux-gnu --target=x86_64-conda_cos6-linux-gnu --prefix=/home/rdonnelly/mc/conda-bld/compilers_linux-64_1534865402226/work/gcc_built --with-sysroot=/home/rdonnelly/mc/conda-bld/compilers_linux-64_1534865402226/work/gcc_built/x86_64-conda_cos6-linux-gnu/sysroot --enable-languages=c,c++,fortran,objc,obj-c++ --with-pkgversion='crosstool-NG 1.23.0.449-a04d0' --enable-__cxa_atexit --disable-libmudflap --enable-libgomp --disable-libssp --enable-libquadmath --enable-libquadmath-support --enable-libsanitizer --enable-libmpx --with-gmp=/home/rdonnelly/mc/conda-bld/compilers_linux-64_1534865402226/work/.build/x86_64-conda_cos6-linux-gnu/buildtools --with-mpfr=/home/rdonnelly/mc/conda-bld/compilers_linux-64_1534865402226/work/.build/x86_64-conda_cos6-linux-gnu/buildtools --with-mpc=/home/rdonnelly/mc/conda-bld/compilers_linux-64_1534865402226/work/.build/x86_64-conda_cos6-linux-gnu/buildtools --with-isl=/home/rdonnelly/mc/conda-bld/compilers_linux-64_1534865402226/work/.build/x86_64-conda_cos6-linux-gnu/buildtools --enable-lto --enable-threads=posix --enable-target-optspace --enable-plugin --enable-gold --disable-nls --disable-multilib --with-local-prefix=/home/rdonnelly/mc/conda-bld/compilers_linux-64_1534865402226/work/gcc_built/x86_64-conda_cos6-linux-gnu/sysroot --enable-long-long --enable-default-pie]
  ignore line: [Thread model: posix]
  ignore line: [gcc version 7.3.0 (crosstool-NG 1.23.0.449-a04d0) ]
  ignore line: [COLLECT_GCC_OPTIONS='-march=nocona' '-mtune=haswell' '-ftree-vectorize' '-fPIC' '-fstack-protector-strong' '-fno-plt' '-O2' '-ffunction-sections' '-pipe' '-isystem' '/home/thor/anaconda3/include' '-v' '-o' 'CMakeFiles/cmTC_9be97.dir/CMakeCCompilerABI.c.o' '-c']
  ignore line: [ /home/thor/anaconda3/bin/../libexec/gcc/x86_64-conda_cos6-linux-gnu/7.3.0/cc1 -quiet -v -iprefix /home/thor/anaconda3/bin/../lib/gcc/x86_64-conda_cos6-linux-gnu/7.3.0/ -isysroot /home/thor/anaconda3/bin/../x86_64-conda_cos6-linux-gnu/sysroot -isystem /home/thor/anaconda3/include /usr/local/share/cmake-3.15/Modules/CMakeCCompilerABI.c -quiet -dumpbase CMakeCCompilerABI.c -march=nocona -mtune=haswell -auxbase-strip CMakeFiles/cmTC_9be97.dir/CMakeCCompilerABI.c.o -O2 -version -ftree-vectorize -fPIC -fstack-protector-strong -fno-plt -ffunction-sections -o - |]
  ignore line: [ /home/thor/anaconda3/bin/../lib/gcc/x86_64-conda_cos6-linux-gnu/7.3.0/../../../../x86_64-conda_cos6-linux-gnu/bin/as -v --64 -o CMakeFiles/cmTC_9be97.dir/CMakeCCompilerABI.c.o]
  ignore line: [GNU assembler version 2.34 (x86_64-conda_cos6-linux-gnu) using BFD version (GNU Binutils) 2.34]
  ignore line: [GNU C11 (crosstool-NG 1.23.0.449-a04d0) version 7.3.0 (x86_64-conda_cos6-linux-gnu)]
  ignore line: [	compiled by GNU C version 4.4.7 20120313 (Red Hat 4.4.7-18), GMP version 6.1.2, MPFR version 4.0.1, MPC version 1.1.0, isl version isl-0.19-GMP]
  ignore line: []
  ignore line: [GGC heuristics: --param ggc-min-expand=100 --param ggc-min-heapsize=131072]
  ignore line: [ignoring duplicate directory "/home/thor/anaconda3/bin/../lib/gcc/../../lib/gcc/x86_64-conda_cos6-linux-gnu/7.3.0/include"]
  ignore line: [ignoring nonexistent directory "/home/thor/anaconda3/bin/../x86_64-conda_cos6-linux-gnu/sysroot/home/rdonnelly/mc/conda-bld/compilers_linux-64_1534865402226/work/gcc_built/x86_64-conda_cos6-linux-gnu/sysroot/include"]
  ignore line: [ignoring duplicate directory "/home/thor/anaconda3/bin/../lib/gcc/../../lib/gcc/x86_64-conda_cos6-linux-gnu/7.3.0/include-fixed"]
  ignore line: [ignoring duplicate directory "/home/thor/anaconda3/bin/../lib/gcc/../../lib/gcc/x86_64-conda_cos6-linux-gnu/7.3.0/../../../../x86_64-conda_cos6-linux-gnu/include"]
  ignore line: [#include "..." search starts here:]
  ignore line: [#include <...> search starts here:]
  ignore line: [ /home/thor/anaconda3/include]
  ignore line: [ /home/thor/anaconda3/bin/../lib/gcc/x86_64-conda_cos6-linux-gnu/7.3.0/include]
  ignore line: [ /home/thor/anaconda3/bin/../lib/gcc/x86_64-conda_cos6-linux-gnu/7.3.0/include-fixed]
  ignore line: [ /home/thor/anaconda3/bin/../lib/gcc/x86_64-conda_cos6-linux-gnu/7.3.0/../../../../x86_64-conda_cos6-linux-gnu/include]
  ignore line: [ /home/thor/anaconda3/bin/../x86_64-conda_cos6-linux-gnu/sysroot/usr/include]
  ignore line: [End of search list.]
  ignore line: [GNU C11 (crosstool-NG 1.23.0.449-a04d0) version 7.3.0 (x86_64-conda_cos6-linux-gnu)]
  ignore line: [	compiled by GNU C version 4.4.7 20120313 (Red Hat 4.4.7-18), GMP version 6.1.2, MPFR version 4.0.1, MPC version 1.1.0, isl version isl-0.19-GMP]
  ignore line: []
  ignore line: [GGC heuristics: --param ggc-min-expand=100 --param ggc-min-heapsize=131072]
  ignore line: [Compiler executable checksum: 5f20d987048986f2a55289b7d7729157]
  ignore line: [COMPILER_PATH=/home/thor/anaconda3/bin/../libexec/gcc/x86_64-conda_cos6-linux-gnu/7.3.0/:/home/thor/anaconda3/bin/../libexec/gcc/:/home/thor/anaconda3/bin/../lib/gcc/x86_64-conda_cos6-linux-gnu/7.3.0/../../../../x86_64-conda_cos6-linux-gnu/bin/]
  ignore line: [LIBRARY_PATH=/home/thor/anaconda3/bin/../lib/gcc/x86_64-conda_cos6-linux-gnu/7.3.0/:/home/thor/anaconda3/bin/../lib/gcc/:/home/thor/anaconda3/bin/../lib/gcc/x86_64-conda_cos6-linux-gnu/7.3.0/../../../../x86_64-conda_cos6-linux-gnu/lib/../lib/:/home/thor/anaconda3/bin/../x86_64-conda_cos6-linux-gnu/sysroot/lib/../lib/:/home/thor/anaconda3/bin/../x86_64-conda_cos6-linux-gnu/sysroot/usr/lib/../lib/:/home/thor/anaconda3/bin/../lib/gcc/x86_64-conda_cos6-linux-gnu/7.3.0/../../../../x86_64-conda_cos6-linux-gnu/lib/:/home/thor/anaconda3/bin/../x86_64-conda_cos6-linux-gnu/sysroot/lib/:/home/thor/anaconda3/bin/../x86_64-conda_cos6-linux-gnu/sysroot/usr/lib/]
  ignore line: [COLLECT_GCC_OPTIONS='-march=nocona' '-mtune=haswell' '-ftree-vectorize' '-fPIC' '-fstack-protector-strong' '-fno-plt' '-O2' '-ffunction-sections' '-pipe' '-isystem' '/home/thor/anaconda3/include' '-v' '-o' 'CMakeFiles/cmTC_9be97.dir/CMakeCCompilerABI.c.o' '-c']
  ignore line: [Linking C executable cmTC_9be97]
  ignore line: [/usr/local/bin/cmake -E cmake_link_script CMakeFiles/cmTC_9be97.dir/link.txt --verbose=1]
  ignore line: [/home/thor/anaconda3/bin/x86_64-conda_cos6-linux-gnu-cc -march=nocona -mtune=haswell -ftree-vectorize -fPIC -fstack-protector-strong -fno-plt -O2 -ffunction-sections -pipe -isystem /home/thor/anaconda3/include   -Wl,-O2 -Wl,--sort-common -Wl,--as-needed -Wl,-z,relro -Wl,-z,now -Wl,--disable-new-dtags -Wl,--gc-sections -Wl,-rpath,/home/thor/anaconda3/lib -Wl,-rpath-link,/home/thor/anaconda3/lib -L/home/thor/anaconda3/lib -v -rdynamic CMakeFiles/cmTC_9be97.dir/CMakeCCompilerABI.c.o  -o cmTC_9be97 ]
  ignore line: [Reading specs from /home/thor/anaconda3/bin/../lib/gcc/x86_64-conda_cos6-linux-gnu/7.3.0/specs]
  ignore line: [COLLECT_GCC=/home/thor/anaconda3/bin/x86_64-conda_cos6-linux-gnu-cc]
  ignore line: [COLLECT_LTO_WRAPPER=/home/thor/anaconda3/bin/../libexec/gcc/x86_64-conda_cos6-linux-gnu/7.3.0/lto-wrapper]
  ignore line: [Target: x86_64-conda_cos6-linux-gnu]
  ignore line: [Configured with: /home/rdonnelly/mc/conda-bld/compilers_linux-64_1534865402226/work/.build/x86_64-conda_cos6-linux-gnu/src/gcc/configure --build=x86_64-build_pc-linux-gnu --host=x86_64-build_pc-linux-gnu --target=x86_64-conda_cos6-linux-gnu --prefix=/home/rdonnelly/mc/conda-bld/compilers_linux-64_1534865402226/work/gcc_built --with-sysroot=/home/rdonnelly/mc/conda-bld/compilers_linux-64_1534865402226/work/gcc_built/x86_64-conda_cos6-linux-gnu/sysroot --enable-languages=c,c++,fortran,objc,obj-c++ --with-pkgversion='crosstool-NG 1.23.0.449-a04d0' --enable-__cxa_atexit --disable-libmudflap --enable-libgomp --disable-libssp --enable-libquadmath --enable-libquadmath-support --enable-libsanitizer --enable-libmpx --with-gmp=/home/rdonnelly/mc/conda-bld/compilers_linux-64_1534865402226/work/.build/x86_64-conda_cos6-linux-gnu/buildtools --with-mpfr=/home/rdonnelly/mc/conda-bld/compilers_linux-64_1534865402226/work/.build/x86_64-conda_cos6-linux-gnu/buildtools --with-mpc=/home/rdonnelly/mc/conda-bld/compilers_linux-64_1534865402226/work/.build/x86_64-conda_cos6-linux-gnu/buildtools --with-isl=/home/rdonnelly/mc/conda-bld/compilers_linux-64_1534865402226/work/.build/x86_64-conda_cos6-linux-gnu/buildtools --enable-lto --enable-threads=posix --enable-target-optspace --enable-plugin --enable-gold --disable-nls --disable-multilib --with-local-prefix=/home/rdonnelly/mc/conda-bld/compilers_linux-64_1534865402226/work/gcc_built/x86_64-conda_cos6-linux-gnu/sysroot --enable-long-long --enable-default-pie]
  ignore line: [Thread model: posix]
  ignore line: [gcc version 7.3.0 (crosstool-NG 1.23.0.449-a04d0) ]
  ignore line: [COMPILER_PATH=/home/thor/anaconda3/bin/../libexec/gcc/x86_64-conda_cos6-linux-gnu/7.3.0/:/home/thor/anaconda3/bin/../libexec/gcc/:/home/thor/anaconda3/bin/../lib/gcc/x86_64-conda_cos6-linux-gnu/7.3.0/../../../../x86_64-conda_cos6-linux-gnu/bin/]
  ignore line: [LIBRARY_PATH=/home/thor/anaconda3/bin/../lib/gcc/x86_64-conda_cos6-linux-gnu/7.3.0/:/home/thor/anaconda3/bin/../lib/gcc/:/home/thor/anaconda3/bin/../lib/gcc/x86_64-conda_cos6-linux-gnu/7.3.0/../../../../x86_64-conda_cos6-linux-gnu/lib/../lib/:/home/thor/anaconda3/bin/../x86_64-conda_cos6-linux-gnu/sysroot/lib/../lib/:/home/thor/anaconda3/bin/../x86_64-conda_cos6-linux-gnu/sysroot/usr/lib/../lib/:/home/thor/anaconda3/bin/../lib/gcc/x86_64-conda_cos6-linux-gnu/7.3.0/../../../../x86_64-conda_cos6-linux-gnu/lib/:/home/thor/anaconda3/bin/../x86_64-conda_cos6-linux-gnu/sysroot/lib/:/home/thor/anaconda3/bin/../x86_64-conda_cos6-linux-gnu/sysroot/usr/lib/]
  ignore line: [COLLECT_GCC_OPTIONS='-march=nocona' '-mtune=haswell' '-ftree-vectorize' '-fPIC' '-fstack-protector-strong' '-fno-plt' '-O2' '-ffunction-sections' '-pipe' '-isystem' '/home/thor/anaconda3/include' '-L/home/thor/anaconda3/lib' '-v' '-rdynamic' '-o' 'cmTC_9be97']
  link line: [ /home/thor/anaconda3/bin/../libexec/gcc/x86_64-conda_cos6-linux-gnu/7.3.0/collect2 -plugin /home/thor/anaconda3/bin/../libexec/gcc/x86_64-conda_cos6-linux-gnu/7.3.0/liblto_plugin.so -plugin-opt=/home/thor/anaconda3/bin/../libexec/gcc/x86_64-conda_cos6-linux-gnu/7.3.0/lto-wrapper -plugin-opt=-fresolution=/tmp/cclR4xSe.res -plugin-opt=-pass-through=-lgcc -plugin-opt=-pass-through=-lgcc_s -plugin-opt=-pass-through=-lc -plugin-opt=-pass-through=-lgcc -plugin-opt=-pass-through=-lgcc_s --sysroot=/home/thor/anaconda3/bin/../x86_64-conda_cos6-linux-gnu/sysroot --eh-frame-hdr -m elf_x86_64 -export-dynamic -dynamic-linker /lib64/ld-linux-x86-64.so.2 -pie -o cmTC_9be97 /home/thor/anaconda3/bin/../x86_64-conda_cos6-linux-gnu/sysroot/usr/lib/../lib/Scrt1.o /home/thor/anaconda3/bin/../x86_64-conda_cos6-linux-gnu/sysroot/usr/lib/../lib/crti.o /home/thor/anaconda3/bin/../lib/gcc/x86_64-conda_cos6-linux-gnu/7.3.0/crtbeginS.o -L/home/thor/anaconda3/lib -L/home/thor/anaconda3/bin/../lib/gcc/x86_64-conda_cos6-linux-gnu/7.3.0 -L/home/thor/anaconda3/bin/../lib/gcc -L/home/thor/anaconda3/bin/../lib/gcc/x86_64-conda_cos6-linux-gnu/7.3.0/../../../../x86_64-conda_cos6-linux-gnu/lib/../lib -L/home/thor/anaconda3/bin/../x86_64-conda_cos6-linux-gnu/sysroot/lib/../lib -L/home/thor/anaconda3/bin/../x86_64-conda_cos6-linux-gnu/sysroot/usr/lib/../lib -L/home/thor/anaconda3/bin/../lib/gcc/x86_64-conda_cos6-linux-gnu/7.3.0/../../../../x86_64-conda_cos6-linux-gnu/lib -L/home/thor/anaconda3/bin/../x86_64-conda_cos6-linux-gnu/sysroot/lib -L/home/thor/anaconda3/bin/../x86_64-conda_cos6-linux-gnu/sysroot/usr/lib -rpath /home/thor/anaconda3/lib -O2 --sort-common --as-needed -z relro -z now --disable-new-dtags --gc-sections -rpath /home/thor/anaconda3/lib -rpath-link /home/thor/anaconda3/lib CMakeFiles/cmTC_9be97.dir/CMakeCCompilerABI.c.o -lgcc --as-needed -lgcc_s --no-as-needed -lc -lgcc --as-needed -lgcc_s --no-as-needed /home/thor/anaconda3/bin/../lib/gcc/x86_64-conda_cos6-linux-gnu/7.3.0/crtendS.o /home/thor/anaconda3/bin/../x86_64-conda_cos6-linux-gnu/sysroot/usr/lib/../lib/crtn.o]
    arg [/home/thor/anaconda3/bin/../libexec/gcc/x86_64-conda_cos6-linux-gnu/7.3.0/collect2] ==> ignore
    arg [-plugin] ==> ignore
    arg [/home/thor/anaconda3/bin/../libexec/gcc/x86_64-conda_cos6-linux-gnu/7.3.0/liblto_plugin.so] ==> ignore
    arg [-plugin-opt=/home/thor/anaconda3/bin/../libexec/gcc/x86_64-conda_cos6-linux-gnu/7.3.0/lto-wrapper] ==> ignore
    arg [-plugin-opt=-fresolution=/tmp/cclR4xSe.res] ==> ignore
    arg [-plugin-opt=-pass-through=-lgcc] ==> ignore
    arg [-plugin-opt=-pass-through=-lgcc_s] ==> ignore
    arg [-plugin-opt=-pass-through=-lc] ==> ignore
    arg [-plugin-opt=-pass-through=-lgcc] ==> ignore
    arg [-plugin-opt=-pass-through=-lgcc_s] ==> ignore
    arg [--sysroot=/home/thor/anaconda3/bin/../x86_64-conda_cos6-linux-gnu/sysroot] ==> ignore
    arg [--eh-frame-hdr] ==> ignore
    arg [-m] ==> ignore
    arg [elf_x86_64] ==> ignore
    arg [-export-dynamic] ==> ignore
    arg [-dynamic-linker] ==> ignore
    arg [/lib64/ld-linux-x86-64.so.2] ==> ignore
    arg [-pie] ==> ignore
    arg [-o] ==> ignore
    arg [cmTC_9be97] ==> ignore
    arg [/home/thor/anaconda3/bin/../x86_64-conda_cos6-linux-gnu/sysroot/usr/lib/../lib/Scrt1.o] ==> ignore
    arg [/home/thor/anaconda3/bin/../x86_64-conda_cos6-linux-gnu/sysroot/usr/lib/../lib/crti.o] ==> ignore
    arg [/home/thor/anaconda3/bin/../lib/gcc/x86_64-conda_cos6-linux-gnu/7.3.0/crtbeginS.o] ==> ignore
    arg [-L/home/thor/anaconda3/lib] ==> dir [/home/thor/anaconda3/lib]
    arg [-L/home/thor/anaconda3/bin/../lib/gcc/x86_64-conda_cos6-linux-gnu/7.3.0] ==> dir [/home/thor/anaconda3/bin/../lib/gcc/x86_64-conda_cos6-linux-gnu/7.3.0]
    arg [-L/home/thor/anaconda3/bin/../lib/gcc] ==> dir [/home/thor/anaconda3/bin/../lib/gcc]
    arg [-L/home/thor/anaconda3/bin/../lib/gcc/x86_64-conda_cos6-linux-gnu/7.3.0/../../../../x86_64-conda_cos6-linux-gnu/lib/../lib] ==> dir [/home/thor/anaconda3/bin/../lib/gcc/x86_64-conda_cos6-linux-gnu/7.3.0/../../../../x86_64-conda_cos6-linux-gnu/lib/../lib]
    arg [-L/home/thor/anaconda3/bin/../x86_64-conda_cos6-linux-gnu/sysroot/lib/../lib] ==> dir [/home/thor/anaconda3/bin/../x86_64-conda_cos6-linux-gnu/sysroot/lib/../lib]
    arg [-L/home/thor/anaconda3/bin/../x86_64-conda_cos6-linux-gnu/sysroot/usr/lib/../lib] ==> dir [/home/thor/anaconda3/bin/../x86_64-conda_cos6-linux-gnu/sysroot/usr/lib/../lib]
    arg [-L/home/thor/anaconda3/bin/../lib/gcc/x86_64-conda_cos6-linux-gnu/7.3.0/../../../../x86_64-conda_cos6-linux-gnu/lib] ==> dir [/home/thor/anaconda3/bin/../lib/gcc/x86_64-conda_cos6-linux-gnu/7.3.0/../../../../x86_64-conda_cos6-linux-gnu/lib]
    arg [-L/home/thor/anaconda3/bin/../x86_64-conda_cos6-linux-gnu/sysroot/lib] ==> dir [/home/thor/anaconda3/bin/../x86_64-conda_cos6-linux-gnu/sysroot/lib]
    arg [-L/home/thor/anaconda3/bin/../x86_64-conda_cos6-linux-gnu/sysroot/usr/lib] ==> dir [/home/thor/anaconda3/bin/../x86_64-conda_cos6-linux-gnu/sysroot/usr/lib]
    arg [-rpath] ==> ignore
    arg [/home/thor/anaconda3/lib] ==> ignore
    arg [-O2] ==> ignore
    arg [--sort-common] ==> ignore
    arg [--as-needed] ==> ignore
    arg [-zrelro] ==> ignore
    arg [-znow] ==> ignore
    arg [--disable-new-dtags] ==> ignore
    arg [--gc-sections] ==> ignore
    arg [-rpath] ==> ignore
    arg [/home/thor/anaconda3/lib] ==> ignore
    arg [-rpath-link] ==> ignore
    arg [/home/thor/anaconda3/lib] ==> ignore
    arg [CMakeFiles/cmTC_9be97.dir/CMakeCCompilerABI.c.o] ==> ignore
    arg [-lgcc] ==> lib [gcc]
    arg [--as-needed] ==> ignore
    arg [-lgcc_s] ==> lib [gcc_s]
    arg [--no-as-needed] ==> ignore
    arg [-lc] ==> lib [c]
    arg [-lgcc] ==> lib [gcc]
    arg [--as-needed] ==> ignore
    arg [-lgcc_s] ==> lib [gcc_s]
    arg [--no-as-needed] ==> ignore
    arg [/home/thor/anaconda3/bin/../lib/gcc/x86_64-conda_cos6-linux-gnu/7.3.0/crtendS.o] ==> ignore
    arg [/home/thor/anaconda3/bin/../x86_64-conda_cos6-linux-gnu/sysroot/usr/lib/../lib/crtn.o] ==> ignore
  collapse library dir [/home/thor/anaconda3/lib] ==> [/home/thor/anaconda3/lib]
  collapse library dir [/home/thor/anaconda3/bin/../lib/gcc/x86_64-conda_cos6-linux-gnu/7.3.0] ==> [/home/thor/anaconda3/lib/gcc/x86_64-conda_cos6-linux-gnu/7.3.0]
  collapse library dir [/home/thor/anaconda3/bin/../lib/gcc] ==> [/home/thor/anaconda3/lib/gcc]
  collapse library dir [/home/thor/anaconda3/bin/../lib/gcc/x86_64-conda_cos6-linux-gnu/7.3.0/../../../../x86_64-conda_cos6-linux-gnu/lib/../lib] ==> [/home/thor/anaconda3/x86_64-conda_cos6-linux-gnu/lib]
  collapse library dir [/home/thor/anaconda3/bin/../x86_64-conda_cos6-linux-gnu/sysroot/lib/../lib] ==> [/home/thor/anaconda3/x86_64-conda_cos6-linux-gnu/sysroot/lib]
  collapse library dir [/home/thor/anaconda3/bin/../x86_64-conda_cos6-linux-gnu/sysroot/usr/lib/../lib] ==> [/home/thor/anaconda3/x86_64-conda_cos6-linux-gnu/sysroot/usr/lib]
  collapse library dir [/home/thor/anaconda3/bin/../lib/gcc/x86_64-conda_cos6-linux-gnu/7.3.0/../../../../x86_64-conda_cos6-linux-gnu/lib] ==> [/home/thor/anaconda3/x86_64-conda_cos6-linux-gnu/lib]
  collapse library dir [/home/thor/anaconda3/bin/../x86_64-conda_cos6-linux-gnu/sysroot/lib] ==> [/home/thor/anaconda3/x86_64-conda_cos6-linux-gnu/sysroot/lib]
  collapse library dir [/home/thor/anaconda3/bin/../x86_64-conda_cos6-linux-gnu/sysroot/usr/lib] ==> [/home/thor/anaconda3/x86_64-conda_cos6-linux-gnu/sysroot/usr/lib]
  implicit libs: [gcc;gcc_s;c;gcc;gcc_s]
  implicit dirs: [/home/thor/anaconda3/lib;/home/thor/anaconda3/lib/gcc/x86_64-conda_cos6-linux-gnu/7.3.0;/home/thor/anaconda3/lib/gcc;/home/thor/anaconda3/x86_64-conda_cos6-linux-gnu/lib;/home/thor/anaconda3/x86_64-conda_cos6-linux-gnu/sysroot/lib;/home/thor/anaconda3/x86_64-conda_cos6-linux-gnu/sysroot/usr/lib]
  implicit fwks: []


Determining if the CXX compiler works passed with the following output:
Change Dir: /home/thor/Progs/imgui_test/Assignments/Assiignment3/depends/DevIL/build/CMakeFiles/CMakeTmp

Run Build Command(s):/usr/bin/make cmTC_f6e73/fast && /usr/bin/make -f CMakeFiles/cmTC_f6e73.dir/build.make CMakeFiles/cmTC_f6e73.dir/build
make[1]: Entering directory '/home/thor/Progs/imgui_test/Assignments/Assiignment3/depends/DevIL/build/CMakeFiles/CMakeTmp'
Building CXX object CMakeFiles/cmTC_f6e73.dir/testCXXCompiler.cxx.o
/home/thor/anaconda3/bin/x86_64-conda_cos6-linux-gnu-c++    -fvisibility-inlines-hidden -std=c++17 -fmessage-length=0 -march=nocona -mtune=haswell -ftree-vectorize -fPIC -fstack-protector-strong -fno-plt -O2 -ffunction-sections -pipe -isystem /home/thor/anaconda3/include    -o CMakeFiles/cmTC_f6e73.dir/testCXXCompiler.cxx.o -c /home/thor/Progs/imgui_test/Assignments/Assiignment3/depends/DevIL/build/CMakeFiles/CMakeTmp/testCXXCompiler.cxx
Linking CXX executable cmTC_f6e73
/usr/local/bin/cmake -E cmake_link_script CMakeFiles/cmTC_f6e73.dir/link.txt --verbose=1
/home/thor/anaconda3/bin/x86_64-conda_cos6-linux-gnu-c++  -fvisibility-inlines-hidden -std=c++17 -fmessage-length=0 -march=nocona -mtune=haswell -ftree-vectorize -fPIC -fstack-protector-strong -fno-plt -O2 -ffunction-sections -pipe -isystem /home/thor/anaconda3/include   -Wl,-O2 -Wl,--sort-common -Wl,--as-needed -Wl,-z,relro -Wl,-z,now -Wl,--disable-new-dtags -Wl,--gc-sections -Wl,-rpath,/home/thor/anaconda3/lib -Wl,-rpath-link,/home/thor/anaconda3/lib -L/home/thor/anaconda3/lib  -rdynamic CMakeFiles/cmTC_f6e73.dir/testCXXCompiler.cxx.o  -o cmTC_f6e73 
make[1]: Leaving directory '/home/thor/Progs/imgui_test/Assignments/Assiignment3/depends/DevIL/build/CMakeFiles/CMakeTmp'



Detecting CXX compiler ABI info compiled with the following output:
Change Dir: /home/thor/Progs/imgui_test/Assignments/Assiignment3/depends/DevIL/build/CMakeFiles/CMakeTmp

Run Build Command(s):/usr/bin/make cmTC_9196f/fast && /usr/bin/make -f CMakeFiles/cmTC_9196f.dir/build.make CMakeFiles/cmTC_9196f.dir/build
make[1]: Entering directory '/home/thor/Progs/imgui_test/Assignments/Assiignment3/depends/DevIL/build/CMakeFiles/CMakeTmp'
Building CXX object CMakeFiles/cmTC_9196f.dir/CMakeCXXCompilerABI.cpp.o
/home/thor/anaconda3/bin/x86_64-conda_cos6-linux-gnu-c++    -fvisibility-inlines-hidden -std=c++17 -fmessage-length=0 -march=nocona -mtune=haswell -ftree-vectorize -fPIC -fstack-protector-strong -fno-plt -O2 -ffunction-sections -pipe -isystem /home/thor/anaconda3/include    -v -o CMakeFiles/cmTC_9196f.dir/CMakeCXXCompilerABI.cpp.o -c /usr/local/share/cmake-3.15/Modules/CMakeCXXCompilerABI.cpp
Reading specs from /home/thor/anaconda3/bin/../lib/gcc/x86_64-conda_cos6-linux-gnu/7.3.0/specs
COLLECT_GCC=/home/thor/anaconda3/bin/x86_64-conda_cos6-linux-gnu-c++
Target: x86_64-conda_cos6-linux-gnu
Configured with: /home/rdonnelly/mc/conda-bld/compilers_linux-64_1534865402226/work/.build/x86_64-conda_cos6-linux-gnu/src/gcc/configure --build=x86_64-build_pc-linux-gnu --host=x86_64-build_pc-linux-gnu --target=x86_64-conda_cos6-linux-gnu --prefix=/home/rdonnelly/mc/conda-bld/compilers_linux-64_1534865402226/work/gcc_built --with-sysroot=/home/rdonnelly/mc/conda-bld/compilers_linux-64_1534865402226/work/gcc_built/x86_64-conda_cos6-linux-gnu/sysroot --enable-languages=c,c++,fortran,objc,obj-c++ --with-pkgversion='crosstool-NG 1.23.0.449-a04d0' --enable-__cxa_atexit --disable-libmudflap --enable-libgomp --disable-libssp --enable-libquadmath --enable-libquadmath-support --enable-libsanitizer --enable-libmpx --with-gmp=/home/rdonnelly/mc/conda-bld/compilers_linux-64_1534865402226/work/.build/x86_64-conda_cos6-linux-gnu/buildtools --with-mpfr=/home/rdonnelly/mc/conda-bld/compilers_linux-64_1534865402226/work/.build/x86_64-conda_cos6-linux-gnu/buildtools --with-mpc=/home/rdonnelly/mc/conda-bld/compilers_linux-64_1534865402226/work/.build/x86_64-conda_cos6-linux-gnu/buildtools --with-isl=/home/rdonnelly/mc/conda-bld/compilers_linux-64_1534865402226/work/.build/x86_64-conda_cos6-linux-gnu/buildtools --enable-lto --enable-threads=posix --enable-target-optspace --enable-plugin --enable-gold --disable-nls --disable-multilib --with-local-prefix=/home/rdonnelly/mc/conda-bld/compilers_linux-64_1534865402226/work/gcc_built/x86_64-conda_cos6-linux-gnu/sysroot --enable-long-long --enable-default-pie
Thread model: posix
gcc version 7.3.0 (crosstool-NG 1.23.0.449-a04d0) 
COLLECT_GCC_OPTIONS='-fvisibility-inlines-hidden' '-std=c++1z' '-fmessage-length=0' '-march=nocona' '-mtune=haswell' '-ftree-vectorize' '-fPIC' '-fstack-protector-strong' '-fno-plt' '-O2' '-ffunction-sections' '-pipe' '-isystem' '/home/thor/anaconda3/include' '-v' '-o' 'CMakeFiles/cmTC_9196f.dir/CMakeCXXCompilerABI.cpp.o' '-c' '-shared-libgcc'
 /home/thor/anaconda3/bin/../libexec/gcc/x86_64-conda_cos6-linux-gnu/7.3.0/cc1plus -quiet -v -iprefix /home/thor/anaconda3/bin/../lib/gcc/x86_64-conda_cos6-linux-gnu/7.3.0/ -isysroot /home/thor/anaconda3/bin/../x86_64-conda_cos6-linux-gnu/sysroot -D_GNU_SOURCE -isystem /home/thor/anaconda3/include /usr/local/share/cmake-3.15/Modules/CMakeCXXCompilerABI.cpp -quiet -dumpbase CMakeCXXCompilerABI.cpp -march=nocona -mtune=haswell -auxbase-strip CMakeFiles/cmTC_9196f.dir/CMakeCXXCompilerABI.cpp.o -O2 -std=c++1z -version -fvisibility-inlines-hidden -fmessage-length=0 -ftree-vectorize -fPIC -fstack-protector-strong -fno-plt -ffunction-sections -o - |
 /home/thor/anaconda3/bin/../lib/gcc/x86_64-conda_cos6-linux-gnu/7.3.0/../../../../x86_64-conda_cos6-linux-gnu/bin/as -v --64 -o CMakeFiles/cmTC_9196f.dir/CMakeCXXCompilerABI.cpp.o
GNU assembler version 2.34 (x86_64-conda_cos6-linux-gnu) using BFD version (GNU Binutils) 2.34
GNU C++14 (crosstool-NG 1.23.0.449-a04d0) version 7.3.0 (x86_64-conda_cos6-linux-gnu)
	compiled by GNU C version 4.4.7 20120313 (Red Hat 4.4.7-18), GMP version 6.1.2, MPFR version 4.0.1, MPC version 1.1.0, isl version isl-0.19-GMP

GGC heuristics: --param ggc-min-expand=100 --param ggc-min-heapsize=131072
ignoring duplicate directory "/home/thor/anaconda3/bin/../lib/gcc/../../lib/gcc/x86_64-conda_cos6-linux-gnu/7.3.0/../../../../x86_64-conda_cos6-linux-gnu/include/c++/7.3.0"
ignoring duplicate directory "/home/thor/anaconda3/bin/../lib/gcc/../../lib/gcc/x86_64-conda_cos6-linux-gnu/7.3.0/../../../../x86_64-conda_cos6-linux-gnu/include/c++/7.3.0/x86_64-conda_cos6-linux-gnu"
ignoring duplicate directory "/home/thor/anaconda3/bin/../lib/gcc/../../lib/gcc/x86_64-conda_cos6-linux-gnu/7.3.0/../../../../x86_64-conda_cos6-linux-gnu/include/c++/7.3.0/backward"
ignoring duplicate directory "/home/thor/anaconda3/bin/../lib/gcc/../../lib/gcc/x86_64-conda_cos6-linux-gnu/7.3.0/include"
ignoring nonexistent directory "/home/thor/anaconda3/bin/../x86_64-conda_cos6-linux-gnu/sysroot/home/rdonnelly/mc/conda-bld/compilers_linux-64_1534865402226/work/gcc_built/x86_64-conda_cos6-linux-gnu/sysroot/include"
ignoring duplicate directory "/home/thor/anaconda3/bin/../lib/gcc/../../lib/gcc/x86_64-conda_cos6-linux-gnu/7.3.0/include-fixed"
ignoring duplicate directory "/home/thor/anaconda3/bin/../lib/gcc/../../lib/gcc/x86_64-conda_cos6-linux-gnu/7.3.0/../../../../x86_64-conda_cos6-linux-gnu/include"
#include "..." search starts here:
#include <...> search starts here:
 /home/thor/anaconda3/include
 /home/thor/anaconda3/bin/../lib/gcc/x86_64-conda_cos6-linux-gnu/7.3.0/../../../../x86_64-conda_cos6-linux-gnu/include/c++/7.3.0
 /home/thor/anaconda3/bin/../lib/gcc/x86_64-conda_cos6-linux-gnu/7.3.0/../../../../x86_64-conda_cos6-linux-gnu/include/c++/7.3.0/x86_64-conda_cos6-linux-gnu
 /home/thor/anaconda3/bin/../lib/gcc/x86_64-conda_cos6-linux-gnu/7.3.0/../../../../x86_64-conda_cos6-linux-gnu/include/c++/7.3.0/backward
 /home/thor/anaconda3/bin/../lib/gcc/x86_64-conda_cos6-linux-gnu/7.3.0/include
 /home/thor/anaconda3/bin/../lib/gcc/x86_64-conda_cos6-linux-gnu/7.3.0/include-fixed
 /home/thor/anaconda3/bin/../lib/gcc/x86_64-conda_cos6-linux-gnu/7.3.0/../../../../x86_64-conda_cos6-linux-gnu/include
 /home/thor/anaconda3/bin/../x86_64-conda_cos6-linux-gnu/sysroot/usr/include
End of search list.
GNU C++14 (crosstool-NG 1.23.0.449-a04d0) version 7.3.0 (x86_64-conda_cos6-linux-gnu)
	compiled by GNU C version 4.4.7 20120313 (Red Hat 4.4.7-18), GMP version 6.1.2, MPFR version 4.0.1, MPC version 1.1.0, isl version isl-0.19-GMP

GGC heuristics: --param ggc-min-expand=100 --param ggc-min-heapsize=131072
Compiler executable checksum: 2f61739646e29ad60d2358d78f3bd7b4
COMPILER_PATH=/home/thor/anaconda3/bin/../libexec/gcc/x86_64-conda_cos6-linux-gnu/7.3.0/:/home/thor/anaconda3/bin/../libexec/gcc/:/home/thor/anaconda3/bin/../lib/gcc/x86_64-conda_cos6-linux-gnu/7.3.0/../../../../x86_64-conda_cos6-linux-gnu/bin/
LIBRARY_PATH=/home/thor/anaconda3/bin/../lib/gcc/x86_64-conda_cos6-linux-gnu/7.3.0/:/home/thor/anaconda3/bin/../lib/gcc/:/home/thor/anaconda3/bin/../lib/gcc/x86_64-conda_cos6-linux-gnu/7.3.0/../../../../x86_64-conda_cos6-linux-gnu/lib/../lib/:/home/thor/anaconda3/bin/../x86_64-conda_cos6-linux-gnu/sysroot/lib/../lib/:/home/thor/anaconda3/bin/../x86_64-conda_cos6-linux-gnu/sysroot/usr/lib/../lib/:/home/thor/anaconda3/bin/../lib/gcc/x86_64-conda_cos6-linux-gnu/7.3.0/../../../../x86_64-conda_cos6-linux-gnu/lib/:/home/thor/anaconda3/bin/../x86_64-conda_cos6-linux-gnu/sysroot/lib/:/home/thor/anaconda3/bin/../x86_64-conda_cos6-linux-gnu/sysroot/usr/lib/
COLLECT_GCC_OPTIONS='-fvisibility-inlines-hidden' '-std=c++1z' '-fmessage-length=0' '-march=nocona' '-mtune=haswell' '-ftree-vectorize' '-fPIC' '-fstack-protector-strong' '-fno-plt' '-O2' '-ffunction-sections' '-pipe' '-isystem' '/home/thor/anaconda3/include' '-v' '-o' 'CMakeFiles/cmTC_9196f.dir/CMakeCXXCompilerABI.cpp.o' '-c' '-shared-libgcc'
Linking CXX executable cmTC_9196f
/usr/local/bin/cmake -E cmake_link_script CMakeFiles/cmTC_9196f.dir/link.txt --verbose=1
/home/thor/anaconda3/bin/x86_64-conda_cos6-linux-gnu-c++  -fvisibility-inlines-hidden -std=c++17 -fmessage-length=0 -march=nocona -mtune=haswell -ftree-vectorize -fPIC -fstack-protector-strong -fno-plt -O2 -ffunction-sections -pipe -isystem /home/thor/anaconda3/include   -Wl,-O2 -Wl,--sort-common -Wl,--as-needed -Wl,-z,relro -Wl,-z,now -Wl,--disable-new-dtags -Wl,--gc-sections -Wl,-rpath,/home/thor/anaconda3/lib -Wl,-rpath-link,/home/thor/anaconda3/lib -L/home/thor/anaconda3/lib -v -rdynamic CMakeFiles/cmTC_9196f.dir/CMakeCXXCompilerABI.cpp.o  -o cmTC_9196f 
Reading specs from /home/thor/anaconda3/bin/../lib/gcc/x86_64-conda_cos6-linux-gnu/7.3.0/specs
COLLECT_GCC=/home/thor/anaconda3/bin/x86_64-conda_cos6-linux-gnu-c++
COLLECT_LTO_WRAPPER=/home/thor/anaconda3/bin/../libexec/gcc/x86_64-conda_cos6-linux-gnu/7.3.0/lto-wrapper
Target: x86_64-conda_cos6-linux-gnu
Configured with: /home/rdonnelly/mc/conda-bld/compilers_linux-64_1534865402226/work/.build/x86_64-conda_cos6-linux-gnu/src/gcc/configure --build=x86_64-build_pc-linux-gnu --host=x86_64-build_pc-linux-gnu --target=x86_64-conda_cos6-linux-gnu --prefix=/home/rdonnelly/mc/conda-bld/compilers_linux-64_1534865402226/work/gcc_built --with-sysroot=/home/rdonnelly/mc/conda-bld/compilers_linux-64_1534865402226/work/gcc_built/x86_64-conda_cos6-linux-gnu/sysroot --enable-languages=c,c++,fortran,objc,obj-c++ --with-pkgversion='crosstool-NG 1.23.0.449-a04d0' --enable-__cxa_atexit --disable-libmudflap --enable-libgomp --disable-libssp --enable-libquadmath --enable-libquadmath-support --enable-libsanitizer --enable-libmpx --with-gmp=/home/rdonnelly/mc/conda-bld/compilers_linux-64_1534865402226/work/.build/x86_64-conda_cos6-linux-gnu/buildtools --with-mpfr=/home/rdonnelly/mc/conda-bld/compilers_linux-64_1534865402226/work/.build/x86_64-conda_cos6-linux-gnu/buildtools --with-mpc=/home/rdonnelly/mc/conda-bld/compilers_linux-64_1534865402226/work/.build/x86_64-conda_cos6-linux-gnu/buildtools --with-isl=/home/rdonnelly/mc/conda-bld/compilers_linux-64_1534865402226/work/.build/x86_64-conda_cos6-linux-gnu/buildtools --enable-lto --enable-threads=posix --enable-target-optspace --enable-plugin --enable-gold --disable-nls --disable-multilib --with-local-prefix=/home/rdonnelly/mc/conda-bld/compilers_linux-64_1534865402226/work/gcc_built/x86_64-conda_cos6-linux-gnu/sysroot --enable-long-long --enable-default-pie
Thread model: posix
gcc version 7.3.0 (crosstool-NG 1.23.0.449-a04d0) 
COMPILER_PATH=/home/thor/anaconda3/bin/../libexec/gcc/x86_64-conda_cos6-linux-gnu/7.3.0/:/home/thor/anaconda3/bin/../libexec/gcc/:/home/thor/anaconda3/bin/../lib/gcc/x86_64-conda_cos6-linux-gnu/7.3.0/../../../../x86_64-conda_cos6-linux-gnu/bin/
LIBRARY_PATH=/home/thor/anaconda3/bin/../lib/gcc/x86_64-conda_cos6-linux-gnu/7.3.0/:/home/thor/anaconda3/bin/../lib/gcc/:/home/thor/anaconda3/bin/../lib/gcc/x86_64-conda_cos6-linux-gnu/7.3.0/../../../../x86_64-conda_cos6-linux-gnu/lib/../lib/:/home/thor/anaconda3/bin/../x86_64-conda_cos6-linux-gnu/sysroot/lib/../lib/:/home/thor/anaconda3/bin/../x86_64-conda_cos6-linux-gnu/sysroot/usr/lib/../lib/:/home/thor/anaconda3/bin/../lib/gcc/x86_64-conda_cos6-linux-gnu/7.3.0/../../../../x86_64-conda_cos6-linux-gnu/lib/:/home/thor/anaconda3/bin/../x86_64-conda_cos6-linux-gnu/sysroot/lib/:/home/thor/anaconda3/bin/../x86_64-conda_cos6-linux-gnu/sysroot/usr/lib/
COLLECT_GCC_OPTIONS='-fvisibility-inlines-hidden' '-std=c++1z' '-fmessage-length=0' '-march=nocona' '-mtune=haswell' '-ftree-vectorize' '-fPIC' '-fstack-protector-strong' '-fno-plt' '-O2' '-ffunction-sections' '-pipe' '-isystem' '/home/thor/anaconda3/include' '-L/home/thor/anaconda3/lib' '-v' '-rdynamic' '-o' 'cmTC_9196f' '-shared-libgcc'
 /home/thor/anaconda3/bin/../libexec/gcc/x86_64-conda_cos6-linux-gnu/7.3.0/collect2 -plugin /home/thor/anaconda3/bin/../libexec/gcc/x86_64-conda_cos6-linux-gnu/7.3.0/liblto_plugin.so -plugin-opt=/home/thor/anaconda3/bin/../libexec/gcc/x86_64-conda_cos6-linux-gnu/7.3.0/lto-wrapper -plugin-opt=-fresolution=/tmp/ccPK9oVE.res -plugin-opt=-pass-through=-lgcc_s -plugin-opt=-pass-through=-lgcc -plugin-opt=-pass-through=-lc -plugin-opt=-pass-through=-lgcc_s -plugin-opt=-pass-through=-lgcc --sysroot=/home/thor/anaconda3/bin/../x86_64-conda_cos6-linux-gnu/sysroot --eh-frame-hdr -m elf_x86_64 -export-dynamic -dynamic-linker /lib64/ld-linux-x86-64.so.2 -pie -o cmTC_9196f /home/thor/anaconda3/bin/../x86_64-conda_cos6-linux-gnu/sysroot/usr/lib/../lib/Scrt1.o /home/thor/anaconda3/bin/../x86_64-conda_cos6-linux-gnu/sysroot/usr/lib/../lib/crti.o /home/thor/anaconda3/bin/../lib/gcc/x86_64-conda_cos6-linux-gnu/7.3.0/crtbeginS.o -L/home/thor/anaconda3/lib -L/home/thor/anaconda3/bin/../lib/gcc/x86_64-conda_cos6-linux-gnu/7.3.0 -L/home/thor/anaconda3/bin/../lib/gcc -L/home/thor/anaconda3/bin/../lib/gcc/x86_64-conda_cos6-linux-gnu/7.3.0/../../../../x86_64-conda_cos6-linux-gnu/lib/../lib -L/home/thor/anaconda3/bin/../x86_64-conda_cos6-linux-gnu/sysroot/lib/../lib -L/home/thor/anaconda3/bin/../x86_64-conda_cos6-linux-gnu/sysroot/usr/lib/../lib -L/home/thor/anaconda3/bin/../lib/gcc/x86_64-conda_cos6-linux-gnu/7.3.0/../../../../x86_64-conda_cos6-linux-gnu/lib -L/home/thor/anaconda3/bin/../x86_64-conda_cos6-linux-gnu/sysroot/lib -L/home/thor/anaconda3/bin/../x86_64-conda_cos6-linux-gnu/sysroot/usr/lib -rpath /home/thor/anaconda3/lib -O2 --sort-common --as-needed -z relro -z now --disable-new-dtags --gc-sections -rpath /home/thor/anaconda3/lib -rpath-link /home/thor/anaconda3/lib CMakeFiles/cmTC_9196f.dir/CMakeCXXCompilerABI.cpp.o -lstdc++ -lm -lgcc_s -lgcc -lc -lgcc_s -lgcc /home/thor/anaconda3/bin/../lib/gcc/x86_64-conda_cos6-linux-gnu/7.3.0/crtendS.o /home/thor/anaconda3/bin/../x86_64-conda_cos6-linux-gnu/sysroot/usr/lib/../lib/crtn.o
COLLECT_GCC_OPTIONS='-fvisibility-inlines-hidden' '-std=c++1z' '-fmessage-length=0' '-march=nocona' '-mtune=haswell' '-ftree-vectorize' '-fPIC' '-fstack-protector-strong' '-fno-plt' '-O2' '-ffunction-sections' '-pipe' '-isystem' '/home/thor/anaconda3/include' '-L/home/thor/anaconda3/lib' '-v' '-rdynamic' '-o' 'cmTC_9196f' '-shared-libgcc'
make[1]: Leaving directory '/home/thor/Progs/imgui_test/Assignments/Assiignment3/depends/DevIL/build/CMakeFiles/CMakeTmp'



Parsed CXX implicit include dir info from above output: rv=done
  found start of include info
  found start of implicit include info
    add: [/home/thor/anaconda3/include]
    add: [/home/thor/anaconda3/bin/../lib/gcc/x86_64-conda_cos6-linux-gnu/7.3.0/../../../../x86_64-conda_cos6-linux-gnu/include/c++/7.3.0]
    add: [/home/thor/anaconda3/bin/../lib/gcc/x86_64-conda_cos6-linux-gnu/7.3.0/../../../../x86_64-conda_cos6-linux-gnu/include/c++/7.3.0/x86_64-conda_cos6-linux-gnu]
    add: [/home/thor/anaconda3/bin/../lib/gcc/x86_64-conda_cos6-linux-gnu/7.3.0/../../../../x86_64-conda_cos6-linux-gnu/include/c++/7.3.0/backward]
    add: [/home/thor/anaconda3/bin/../lib/gcc/x86_64-conda_cos6-linux-gnu/7.3.0/include]
    add: [/home/thor/anaconda3/bin/../lib/gcc/x86_64-conda_cos6-linux-gnu/7.3.0/include-fixed]
    add: [/home/thor/anaconda3/bin/../lib/gcc/x86_64-conda_cos6-linux-gnu/7.3.0/../../../../x86_64-conda_cos6-linux-gnu/include]
    add: [/home/thor/anaconda3/bin/../x86_64-conda_cos6-linux-gnu/sysroot/usr/include]
  end of search list found
  collapse include dir [/home/thor/anaconda3/include] ==> [/home/thor/anaconda3/include]
  collapse include dir [/home/thor/anaconda3/bin/../lib/gcc/x86_64-conda_cos6-linux-gnu/7.3.0/../../../../x86_64-conda_cos6-linux-gnu/include/c++/7.3.0] ==> [/home/thor/anaconda3/x86_64-conda_cos6-linux-gnu/include/c++/7.3.0]
  collapse include dir [/home/thor/anaconda3/bin/../lib/gcc/x86_64-conda_cos6-linux-gnu/7.3.0/../../../../x86_64-conda_cos6-linux-gnu/include/c++/7.3.0/x86_64-conda_cos6-linux-gnu] ==> [/home/thor/anaconda3/x86_64-conda_cos6-linux-gnu/include/c++/7.3.0/x86_64-conda_cos6-linux-gnu]
  collapse include dir [/home/thor/anaconda3/bin/../lib/gcc/x86_64-conda_cos6-linux-gnu/7.3.0/../../../../x86_64-conda_cos6-linux-gnu/include/c++/7.3.0/backward] ==> [/home/thor/anaconda3/x86_64-conda_cos6-linux-gnu/include/c++/7.3.0/backward]
  collapse include dir [/home/thor/anaconda3/bin/../lib/gcc/x86_64-conda_cos6-linux-gnu/7.3.0/include] ==> [/home/thor/anaconda3/lib/gcc/x86_64-conda_cos6-linux-gnu/7.3.0/include]
  collapse include dir [/home/thor/anaconda3/bin/../lib/gcc/x86_64-conda_cos6-linux-gnu/7.3.0/include-fixed] ==> [/home/thor/anaconda3/lib/gcc/x86_64-conda_cos6-linux-gnu/7.3.0/include-fixed]
  collapse include dir [/home/thor/anaconda3/bin/../lib/gcc/x86_64-conda_cos6-linux-gnu/7.3.0/../../../../x86_64-conda_cos6-linux-gnu/include] ==> [/home/thor/anaconda3/x86_64-conda_cos6-linux-gnu/include]
  collapse include dir [/home/thor/anaconda3/bin/../x86_64-conda_cos6-linux-gnu/sysroot/usr/include] ==> [/home/thor/anaconda3/x86_64-conda_cos6-linux-gnu/sysroot/usr/include]
  implicit include dirs: [/home/thor/anaconda3/include;/home/thor/anaconda3/x86_64-conda_cos6-linux-gnu/include/c++/7.3.0;/home/thor/anaconda3/x86_64-conda_cos6-linux-gnu/include/c++/7.3.0/x86_64-conda_cos6-linux-gnu;/home/thor/anaconda3/x86_64-conda_cos6-linux-gnu/include/c++/7.3.0/backward;/home/thor/anaconda3/lib/gcc/x86_64-conda_cos6-linux-gnu/7.3.0/include;/home/thor/anaconda3/lib/gcc/x86_64-conda_cos6-linux-gnu/7.3.0/include-fixed;/home/thor/anaconda3/x86_64-conda_cos6-linux-gnu/include;/home/thor/anaconda3/x86_64-conda_cos6-linux-gnu/sysroot/usr/include]


Parsed CXX implicit link information from above output:
  link line regex: [^( *|.*[/\])(ld|CMAKE_LINK_STARTFILE-NOTFOUND|([^/\]+-)?ld|collect2)[^/\]*( |$)]
  ignore line: [Change Dir: /home/thor/Progs/imgui_test/Assignments/Assiignment3/depends/DevIL/build/CMakeFiles/CMakeTmp]
  ignore line: []
  ignore line: [Run Build Command(s):/usr/bin/make cmTC_9196f/fast && /usr/bin/make -f CMakeFiles/cmTC_9196f.dir/build.make CMakeFiles/cmTC_9196f.dir/build]
  ignore line: [make[1]: Entering directory '/home/thor/Progs/imgui_test/Assignments/Assiignment3/depends/DevIL/build/CMakeFiles/CMakeTmp']
  ignore line: [Building CXX object CMakeFiles/cmTC_9196f.dir/CMakeCXXCompilerABI.cpp.o]
  ignore line: [/home/thor/anaconda3/bin/x86_64-conda_cos6-linux-gnu-c++    -fvisibility-inlines-hidden -std=c++17 -fmessage-length=0 -march=nocona -mtune=haswell -ftree-vectorize -fPIC -fstack-protector-strong -fno-plt -O2 -ffunction-sections -pipe -isystem /home/thor/anaconda3/include    -v -o CMakeFiles/cmTC_9196f.dir/CMakeCXXCompilerABI.cpp.o -c /usr/local/share/cmake-3.15/Modules/CMakeCXXCompilerABI.cpp]
  ignore line: [Reading specs from /home/thor/anaconda3/bin/../lib/gcc/x86_64-conda_cos6-linux-gnu/7.3.0/specs]
  ignore line: [COLLECT_GCC=/home/thor/anaconda3/bin/x86_64-conda_cos6-linux-gnu-c++]
  ignore line: [Target: x86_64-conda_cos6-linux-gnu]
  ignore line: [Configured with: /home/rdonnelly/mc/conda-bld/compilers_linux-64_1534865402226/work/.build/x86_64-conda_cos6-linux-gnu/src/gcc/configure --build=x86_64-build_pc-linux-gnu --host=x86_64-build_pc-linux-gnu --target=x86_64-conda_cos6-linux-gnu --prefix=/home/rdonnelly/mc/conda-bld/compilers_linux-64_1534865402226/work/gcc_built --with-sysroot=/home/rdonnelly/mc/conda-bld/compilers_linux-64_1534865402226/work/gcc_built/x86_64-conda_cos6-linux-gnu/sysroot --enable-languages=c,c++,fortran,objc,obj-c++ --with-pkgversion='crosstool-NG 1.23.0.449-a04d0' --enable-__cxa_atexit --disable-libmudflap --enable-libgomp --disable-libssp --enable-libquadmath --enable-libquadmath-support --enable-libsanitizer --enable-libmpx --with-gmp=/home/rdonnelly/mc/conda-bld/compilers_linux-64_1534865402226/work/.build/x86_64-conda_cos6-linux-gnu/buildtools --with-mpfr=/home/rdonnelly/mc/conda-bld/compilers_linux-64_1534865402226/work/.build/x86_64-conda_cos6-linux-gnu/buildtools --with-mpc=/home/rdonnelly/mc/conda-bld/compilers_linux-64_1534865402226/work/.build/x86_64-conda_cos6-linux-gnu/buildtools --with-isl=/home/rdonnelly/mc/conda-bld/compilers_linux-64_1534865402226/work/.build/x86_64-conda_cos6-linux-gnu/buildtools --enable-lto --enable-threads=posix --enable-target-optspace --enable-plugin --enable-gold --disable-nls --disable-multilib --with-local-prefix=/home/rdonnelly/mc/conda-bld/compilers_linux-64_1534865402226/work/gcc_built/x86_64-conda_cos6-linux-gnu/sysroot --enable-long-long --enable-default-pie]
  ignore line: [Thread model: posix]
  ignore line: [gcc version 7.3.0 (crosstool-NG 1.23.0.449-a04d0) ]
  ignore line: [COLLECT_GCC_OPTIONS='-fvisibility-inlines-hidden' '-std=c++1z' '-fmessage-length=0' '-march=nocona' '-mtune=haswell' '-ftree-vectorize' '-fPIC' '-fstack-protector-strong' '-fno-plt' '-O2' '-ffunction-sections' '-pipe' '-isystem' '/home/thor/anaconda3/include' '-v' '-o' 'CMakeFiles/cmTC_9196f.dir/CMakeCXXCompilerABI.cpp.o' '-c' '-shared-libgcc']
  ignore line: [ /home/thor/anaconda3/bin/../libexec/gcc/x86_64-conda_cos6-linux-gnu/7.3.0/cc1plus -quiet -v -iprefix /home/thor/anaconda3/bin/../lib/gcc/x86_64-conda_cos6-linux-gnu/7.3.0/ -isysroot /home/thor/anaconda3/bin/../x86_64-conda_cos6-linux-gnu/sysroot -D_GNU_SOURCE -isystem /home/thor/anaconda3/include /usr/local/share/cmake-3.15/Modules/CMakeCXXCompilerABI.cpp -quiet -dumpbase CMakeCXXCompilerABI.cpp -march=nocona -mtune=haswell -auxbase-strip CMakeFiles/cmTC_9196f.dir/CMakeCXXCompilerABI.cpp.o -O2 -std=c++1z -version -fvisibility-inlines-hidden -fmessage-length=0 -ftree-vectorize -fPIC -fstack-protector-strong -fno-plt -ffunction-sections -o - |]
  ignore line: [ /home/thor/anaconda3/bin/../lib/gcc/x86_64-conda_cos6-linux-gnu/7.3.0/../../../../x86_64-conda_cos6-linux-gnu/bin/as -v --64 -o CMakeFiles/cmTC_9196f.dir/CMakeCXXCompilerABI.cpp.o]
  ignore line: [GNU assembler version 2.34 (x86_64-conda_cos6-linux-gnu) using BFD version (GNU Binutils) 2.34]
  ignore line: [GNU C++14 (crosstool-NG 1.23.0.449-a04d0) version 7.3.0 (x86_64-conda_cos6-linux-gnu)]
  ignore line: [	compiled by GNU C version 4.4.7 20120313 (Red Hat 4.4.7-18), GMP version 6.1.2, MPFR version 4.0.1, MPC version 1.1.0, isl version isl-0.19-GMP]
  ignore line: []
  ignore line: [GGC heuristics: --param ggc-min-expand=100 --param ggc-min-heapsize=131072]
  ignore line: [ignoring duplicate directory "/home/thor/anaconda3/bin/../lib/gcc/../../lib/gcc/x86_64-conda_cos6-linux-gnu/7.3.0/../../../../x86_64-conda_cos6-linux-gnu/include/c++/7.3.0"]
  ignore line: [ignoring duplicate directory "/home/thor/anaconda3/bin/../lib/gcc/../../lib/gcc/x86_64-conda_cos6-linux-gnu/7.3.0/../../../../x86_64-conda_cos6-linux-gnu/include/c++/7.3.0/x86_64-conda_cos6-linux-gnu"]
  ignore line: [ignoring duplicate directory "/home/thor/anaconda3/bin/../lib/gcc/../../lib/gcc/x86_64-conda_cos6-linux-gnu/7.3.0/../../../../x86_64-conda_cos6-linux-gnu/include/c++/7.3.0/backward"]
  ignore line: [ignoring duplicate directory "/home/thor/anaconda3/bin/../lib/gcc/../../lib/gcc/x86_64-conda_cos6-linux-gnu/7.3.0/include"]
  ignore line: [ignoring nonexistent directory "/home/thor/anaconda3/bin/../x86_64-conda_cos6-linux-gnu/sysroot/home/rdonnelly/mc/conda-bld/compilers_linux-64_1534865402226/work/gcc_built/x86_64-conda_cos6-linux-gnu/sysroot/include"]
  ignore line: [ignoring duplicate directory "/home/thor/anaconda3/bin/../lib/gcc/../../lib/gcc/x86_64-conda_cos6-linux-gnu/7.3.0/include-fixed"]
  ignore line: [ignoring duplicate directory "/home/thor/anaconda3/bin/../lib/gcc/../../lib/gcc/x86_64-conda_cos6-linux-gnu/7.3.0/../../../../x86_64-conda_cos6-linux-gnu/include"]
  ignore line: [#include "..." search starts here:]
  ignore line: [#include <...> search starts here:]
  ignore line: [ /home/thor/anaconda3/include]
  ignore line: [ /home/thor/anaconda3/bin/../lib/gcc/x86_64-conda_cos6-linux-gnu/7.3.0/../../../../x86_64-conda_cos6-linux-gnu/include/c++/7.3.0]
  ignore line: [ /home/thor/anaconda3/bin/../lib/gcc/x86_64-conda_cos6-linux-gnu/7.3.0/../../../../x86_64-conda_cos6-linux-gnu/include/c++/7.3.0/x86_64-conda_cos6-linux-gnu]
  ignore line: [ /home/thor/anaconda3/bin/../lib/gcc/x86_64-conda_cos6-linux-gnu/7.3.0/../../../../x86_64-conda_cos6-linux-gnu/include/c++/7.3.0/backward]
  ignore line: [ /home/thor/anaconda3/bin/../lib/gcc/x86_64-conda_cos6-linux-gnu/7.3.0/include]
  ignore line: [ /home/thor/anaconda3/bin/../lib/gcc/x86_64-conda_cos6-linux-gnu/7.3.0/include-fixed]
  ignore line: [ /home/thor/anaconda3/bin/../lib/gcc/x86_64-conda_cos6-linux-gnu/7.3.0/../../../../x86_64-conda_cos6-linux-gnu/include]
  ignore line: [ /home/thor/anaconda3/bin/../x86_64-conda_cos6-linux-gnu/sysroot/usr/include]
  ignore line: [End of search list.]
  ignore line: [GNU C++14 (crosstool-NG 1.23.0.449-a04d0) version 7.3.0 (x86_64-conda_cos6-linux-gnu)]
  ignore line: [	compiled by GNU C version 4.4.7 20120313 (Red Hat 4.4.7-18), GMP version 6.1.2, MPFR version 4.0.1, MPC version 1.1.0, isl version isl-0.19-GMP]
  ignore line: []
  ignore line: [GGC heuristics: --param ggc-min-expand=100 --param ggc-min-heapsize=131072]
  ignore line: [Compiler executable checksum: 2f61739646e29ad60d2358d78f3bd7b4]
  ignore line: [COMPILER_PATH=/home/thor/anaconda3/bin/../libexec/gcc/x86_64-conda_cos6-linux-gnu/7.3.0/:/home/thor/anaconda3/bin/../libexec/gcc/:/home/thor/anaconda3/bin/../lib/gcc/x86_64-conda_cos6-linux-gnu/7.3.0/../../../../x86_64-conda_cos6-linux-gnu/bin/]
  ignore line: [LIBRARY_PATH=/home/thor/anaconda3/bin/../lib/gcc/x86_64-conda_cos6-linux-gnu/7.3.0/:/home/thor/anaconda3/bin/../lib/gcc/:/home/thor/anaconda3/bin/../lib/gcc/x86_64-conda_cos6-linux-gnu/7.3.0/../../../../x86_64-conda_cos6-linux-gnu/lib/../lib/:/home/thor/anaconda3/bin/../x86_64-conda_cos6-linux-gnu/sysroot/lib/../lib/:/home/thor/anaconda3/bin/../x86_64-conda_cos6-linux-gnu/sysroot/usr/lib/../lib/:/home/thor/anaconda3/bin/../lib/gcc/x86_64-conda_cos6-linux-gnu/7.3.0/../../../../x86_64-conda_cos6-linux-gnu/lib/:/home/thor/anaconda3/bin/../x86_64-conda_cos6-linux-gnu/sysroot/lib/:/home/thor/anaconda3/bin/../x86_64-conda_cos6-linux-gnu/sysroot/usr/lib/]
  ignore line: [COLLECT_GCC_OPTIONS='-fvisibility-inlines-hidden' '-std=c++1z' '-fmessage-length=0' '-march=nocona' '-mtune=haswell' '-ftree-vectorize' '-fPIC' '-fstack-protector-strong' '-fno-plt' '-O2' '-ffunction-sections' '-pipe' '-isystem' '/home/thor/anaconda3/include' '-v' '-o' 'CMakeFiles/cmTC_9196f.dir/CMakeCXXCompilerABI.cpp.o' '-c' '-shared-libgcc']
  ignore line: [Linking CXX executable cmTC_9196f]
  ignore line: [/usr/local/bin/cmake -E cmake_link_script CMakeFiles/cmTC_9196f.dir/link.txt --verbose=1]
  ignore line: [/home/thor/anaconda3/bin/x86_64-conda_cos6-linux-gnu-c++  -fvisibility-inlines-hidden -std=c++17 -fmessage-length=0 -march=nocona -mtune=haswell -ftree-vectorize -fPIC -fstack-protector-strong -fno-plt -O2 -ffunction-sections -pipe -isystem /home/thor/anaconda3/include   -Wl,-O2 -Wl,--sort-common -Wl,--as-needed -Wl,-z,relro -Wl,-z,now -Wl,--disable-new-dtags -Wl,--gc-sections -Wl,-rpath,/home/thor/anaconda3/lib -Wl,-rpath-link,/home/thor/anaconda3/lib -L/home/thor/anaconda3/lib -v -rdynamic CMakeFiles/cmTC_9196f.dir/CMakeCXXCompilerABI.cpp.o  -o cmTC_9196f ]
  ignore line: [Reading specs from /home/thor/anaconda3/bin/../lib/gcc/x86_64-conda_cos6-linux-gnu/7.3.0/specs]
  ignore line: [COLLECT_GCC=/home/thor/anaconda3/bin/x86_64-conda_cos6-linux-gnu-c++]
  ignore line: [COLLECT_LTO_WRAPPER=/home/thor/anaconda3/bin/../libexec/gcc/x86_64-conda_cos6-linux-gnu/7.3.0/lto-wrapper]
  ignore line: [Target: x86_64-conda_cos6-linux-gnu]
  ignore line: [Configured with: /home/rdonnelly/mc/conda-bld/compilers_linux-64_1534865402226/work/.build/x86_64-conda_cos6-linux-gnu/src/gcc/configure --build=x86_64-build_pc-linux-gnu --host=x86_64-build_pc-linux-gnu --target=x86_64-conda_cos6-linux-gnu --prefix=/home/rdonnelly/mc/conda-bld/compilers_linux-64_1534865402226/work/gcc_built --with-sysroot=/home/rdonnelly/mc/conda-bld/compilers_linux-64_1534865402226/work/gcc_built/x86_64-conda_cos6-linux-gnu/sysroot --enable-languages=c,c++,fortran,objc,obj-c++ --with-pkgversion='crosstool-NG 1.23.0.449-a04d0' --enable-__cxa_atexit --disable-libmudflap --enable-libgomp --disable-libssp --enable-libquadmath --enable-libquadmath-support --enable-libsanitizer --enable-libmpx --with-gmp=/home/rdonnelly/mc/conda-bld/compilers_linux-64_1534865402226/work/.build/x86_64-conda_cos6-linux-gnu/buildtools --with-mpfr=/home/rdonnelly/mc/conda-bld/compilers_linux-64_1534865402226/work/.build/x86_64-conda_cos6-linux-gnu/buildtools --with-mpc=/home/rdonnelly/mc/conda-bld/compilers_linux-64_1534865402226/work/.build/x86_64-conda_cos6-linux-gnu/buildtools --with-isl=/home/rdonnelly/mc/conda-bld/compilers_linux-64_1534865402226/work/.build/x86_64-conda_cos6-linux-gnu/buildtools --enable-lto --enable-threads=posix --enable-target-optspace --enable-plugin --enable-gold --disable-nls --disable-multilib --with-local-prefix=/home/rdonnelly/mc/conda-bld/compilers_linux-64_1534865402226/work/gcc_built/x86_64-conda_cos6-linux-gnu/sysroot --enable-long-long --enable-default-pie]
  ignore line: [Thread model: posix]
  ignore line: [gcc version 7.3.0 (crosstool-NG 1.23.0.449-a04d0) ]
  ignore line: [COMPILER_PATH=/home/thor/anaconda3/bin/../libexec/gcc/x86_64-conda_cos6-linux-gnu/7.3.0/:/home/thor/anaconda3/bin/../libexec/gcc/:/home/thor/anaconda3/bin/../lib/gcc/x86_64-conda_cos6-linux-gnu/7.3.0/../../../../x86_64-conda_cos6-linux-gnu/bin/]
  ignore line: [LIBRARY_PATH=/home/thor/anaconda3/bin/../lib/gcc/x86_64-conda_cos6-linux-gnu/7.3.0/:/home/thor/anaconda3/bin/../lib/gcc/:/home/thor/anaconda3/bin/../lib/gcc/x86_64-conda_cos6-linux-gnu/7.3.0/../../../../x86_64-conda_cos6-linux-gnu/lib/../lib/:/home/thor/anaconda3/bin/../x86_64-conda_cos6-linux-gnu/sysroot/lib/../lib/:/home/thor/anaconda3/bin/../x86_64-conda_cos6-linux-gnu/sysroot/usr/lib/../lib/:/home/thor/anaconda3/bin/../lib/gcc/x86_64-conda_cos6-linux-gnu/7.3.0/../../../../x86_64-conda_cos6-linux-gnu/lib/:/home/thor/anaconda3/bin/../x86_64-conda_cos6-linux-gnu/sysroot/lib/:/home/thor/anaconda3/bin/../x86_64-conda_cos6-linux-gnu/sysroot/usr/lib/]
  ignore line: [COLLECT_GCC_OPTIONS='-fvisibility-inlines-hidden' '-std=c++1z' '-fmessage-length=0' '-march=nocona' '-mtune=haswell' '-ftree-vectorize' '-fPIC' '-fstack-protector-strong' '-fno-plt' '-O2' '-ffunction-sections' '-pipe' '-isystem' '/home/thor/anaconda3/include' '-L/home/thor/anaconda3/lib' '-v' '-rdynamic' '-o' 'cmTC_9196f' '-shared-libgcc']
  link line: [ /home/thor/anaconda3/bin/../libexec/gcc/x86_64-conda_cos6-linux-gnu/7.3.0/collect2 -plugin /home/thor/anaconda3/bin/../libexec/gcc/x86_64-conda_cos6-linux-gnu/7.3.0/liblto_plugin.so -plugin-opt=/home/thor/anaconda3/bin/../libexec/gcc/x86_64-conda_cos6-linux-gnu/7.3.0/lto-wrapper -plugin-opt=-fresolution=/tmp/ccPK9oVE.res -plugin-opt=-pass-through=-lgcc_s -plugin-opt=-pass-through=-lgcc -plugin-opt=-pass-through=-lc -plugin-opt=-pass-through=-lgcc_s -plugin-opt=-pass-through=-lgcc --sysroot=/home/thor/anaconda3/bin/../x86_64-conda_cos6-linux-gnu/sysroot --eh-frame-hdr -m elf_x86_64 -export-dynamic -dynamic-linker /lib64/ld-linux-x86-64.so.2 -pie -o cmTC_9196f /home/thor/anaconda3/bin/../x86_64-conda_cos6-linux-gnu/sysroot/usr/lib/../lib/Scrt1.o /home/thor/anaconda3/bin/../x86_64-conda_cos6-linux-gnu/sysroot/usr/lib/../lib/crti.o /home/thor/anaconda3/bin/../lib/gcc/x86_64-conda_cos6-linux-gnu/7.3.0/crtbeginS.o -L/home/thor/anaconda3/lib -L/home/thor/anaconda3/bin/../lib/gcc/x86_64-conda_cos6-linux-gnu/7.3.0 -L/home/thor/anaconda3/bin/../lib/gcc -L/home/thor/anaconda3/bin/../lib/gcc/x86_64-conda_cos6-linux-gnu/7.3.0/../../../../x86_64-conda_cos6-linux-gnu/lib/../lib -L/home/thor/anaconda3/bin/../x86_64-conda_cos6-linux-gnu/sysroot/lib/../lib -L/home/thor/anaconda3/bin/../x86_64-conda_cos6-linux-gnu/sysroot/usr/lib/../lib -L/home/thor/anaconda3/bin/../lib/gcc/x86_64-conda_cos6-linux-gnu/7.3.0/../../../../x86_64-conda_cos6-linux-gnu/lib -L/home/thor/anaconda3/bin/../x86_64-conda_cos6-linux-gnu/sysroot/lib -L/home/thor/anaconda3/bin/../x86_64-conda_cos6-linux-gnu/sysroot/usr/lib -rpath /home/thor/anaconda3/lib -O2 --sort-common --as-needed -z relro -z now --disable-new-dtags --gc-sections -rpath /home/thor/anaconda3/lib -rpath-link /home/thor/anaconda3/lib CMakeFiles/cmTC_9196f.dir/CMakeCXXCompilerABI.cpp.o -lstdc++ -lm -lgcc_s -lgcc -lc -lgcc_s -lgcc /home/thor/anaconda3/bin/../lib/gcc/x86_64-conda_cos6-linux-gnu/7.3.0/crtendS.o /home/thor/anaconda3/bin/../x86_64-conda_cos6-linux-gnu/sysroot/usr/lib/../lib/crtn.o]
    arg [/home/thor/anaconda3/bin/../libexec/gcc/x86_64-conda_cos6-linux-gnu/7.3.0/collect2] ==> ignore
    arg [-plugin] ==> ignore
    arg [/home/thor/anaconda3/bin/../libexec/gcc/x86_64-conda_cos6-linux-gnu/7.3.0/liblto_plugin.so] ==> ignore
    arg [-plugin-opt=/home/thor/anaconda3/bin/../libexec/gcc/x86_64-conda_cos6-linux-gnu/7.3.0/lto-wrapper] ==> ignore
    arg [-plugin-opt=-fresolution=/tmp/ccPK9oVE.res] ==> ignore
    arg [-plugin-opt=-pass-through=-lgcc_s] ==> ignore
    arg [-plugin-opt=-pass-through=-lgcc] ==> ignore
    arg [-plugin-opt=-pass-through=-lc] ==> ignore
    arg [-plugin-opt=-pass-through=-lgcc_s] ==> ignore
    arg [-plugin-opt=-pass-through=-lgcc] ==> ignore
    arg [--sysroot=/home/thor/anaconda3/bin/../x86_64-conda_cos6-linux-gnu/sysroot] ==> ignore
    arg [--eh-frame-hdr] ==> ignore
    arg [-m] ==> ignore
    arg [elf_x86_64] ==> ignore
    arg [-export-dynamic] ==> ignore
    arg [-dynamic-linker] ==> ignore
    arg [/lib64/ld-linux-x86-64.so.2] ==> ignore
    arg [-pie] ==> ignore
    arg [-o] ==> ignore
    arg [cmTC_9196f] ==> ignore
    arg [/home/thor/anaconda3/bin/../x86_64-conda_cos6-linux-gnu/sysroot/usr/lib/../lib/Scrt1.o] ==> ignore
    arg [/home/thor/anaconda3/bin/../x86_64-conda_cos6-linux-gnu/sysroot/usr/lib/../lib/crti.o] ==> ignore
    arg [/home/thor/anaconda3/bin/../lib/gcc/x86_64-conda_cos6-linux-gnu/7.3.0/crtbeginS.o] ==> ignore
    arg [-L/home/thor/anaconda3/lib] ==> dir [/home/thor/anaconda3/lib]
    arg [-L/home/thor/anaconda3/bin/../lib/gcc/x86_64-conda_cos6-linux-gnu/7.3.0] ==> dir [/home/thor/anaconda3/bin/../lib/gcc/x86_64-conda_cos6-linux-gnu/7.3.0]
    arg [-L/home/thor/anaconda3/bin/../lib/gcc] ==> dir [/home/thor/anaconda3/bin/../lib/gcc]
    arg [-L/home/thor/anaconda3/bin/../lib/gcc/x86_64-conda_cos6-linux-gnu/7.3.0/../../../../x86_64-conda_cos6-linux-gnu/lib/../lib] ==> dir [/home/thor/anaconda3/bin/../lib/gcc/x86_64-conda_cos6-linux-gnu/7.3.0/../../../../x86_64-conda_cos6-linux-gnu/lib/../lib]
    arg [-L/home/thor/anaconda3/bin/../x86_64-conda_cos6-linux-gnu/sysroot/lib/../lib] ==> dir [/home/thor/anaconda3/bin/../x86_64-conda_cos6-linux-gnu/sysroot/lib/../lib]
    arg [-L/home/thor/anaconda3/bin/../x86_64-conda_cos6-linux-gnu/sysroot/usr/lib/../lib] ==> dir [/home/thor/anaconda3/bin/../x86_64-conda_cos6-linux-gnu/sysroot/usr/lib/../lib]
    arg [-L/home/thor/anaconda3/bin/../lib/gcc/x86_64-conda_cos6-linux-gnu/7.3.0/../../../../x86_64-conda_cos6-linux-gnu/lib] ==> dir [/home/thor/anaconda3/bin/../lib/gcc/x86_64-conda_cos6-linux-gnu/7.3.0/../../../../x86_64-conda_cos6-linux-gnu/lib]
    arg [-L/home/thor/anaconda3/bin/../x86_64-conda_cos6-linux-gnu/sysroot/lib] ==> dir [/home/thor/anaconda3/bin/../x86_64-conda_cos6-linux-gnu/sysroot/lib]
    arg [-L/home/thor/anaconda3/bin/../x86_64-conda_cos6-linux-gnu/sysroot/usr/lib] ==> dir [/home/thor/anaconda3/bin/../x86_64-conda_cos6-linux-gnu/sysroot/usr/lib]
    arg [-rpath] ==> ignore
    arg [/home/thor/anaconda3/lib] ==> ignore
    arg [-O2] ==> ignore
    arg [--sort-common] ==> ignore
    arg [--as-needed] ==> ignore
    arg [-zrelro] ==> ignore
    arg [-znow] ==> ignore
    arg [--disable-new-dtags] ==> ignore
    arg [--gc-sections] ==> ignore
    arg [-rpath] ==> ignore
    arg [/home/thor/anaconda3/lib] ==> ignore
    arg [-rpath-link] ==> ignore
    arg [/home/thor/anaconda3/lib] ==> ignore
    arg [CMakeFiles/cmTC_9196f.dir/CMakeCXXCompilerABI.cpp.o] ==> ignore
    arg [-lstdc++] ==> lib [stdc++]
    arg [-lm] ==> lib [m]
    arg [-lgcc_s] ==> lib [gcc_s]
    arg [-lgcc] ==> lib [gcc]
    arg [-lc] ==> lib [c]
    arg [-lgcc_s] ==> lib [gcc_s]
    arg [-lgcc] ==> lib [gcc]
    arg [/home/thor/anaconda3/bin/../lib/gcc/x86_64-conda_cos6-linux-gnu/7.3.0/crtendS.o] ==> ignore
    arg [/home/thor/anaconda3/bin/../x86_64-conda_cos6-linux-gnu/sysroot/usr/lib/../lib/crtn.o] ==> ignore
  collapse library dir [/home/thor/anaconda3/lib] ==> [/home/thor/anaconda3/lib]
  collapse library dir [/home/thor/anaconda3/bin/../lib/gcc/x86_64-conda_cos6-linux-gnu/7.3.0] ==> [/home/thor/anaconda3/lib/gcc/x86_64-conda_cos6-linux-gnu/7.3.0]
  collapse library dir [/home/thor/anaconda3/bin/../lib/gcc] ==> [/home/thor/anaconda3/lib/gcc]
  collapse library dir [/home/thor/anaconda3/bin/../lib/gcc/x86_64-conda_cos6-linux-gnu/7.3.0/../../../../x86_64-conda_cos6-linux-gnu/lib/../lib] ==> [/home/thor/anaconda3/x86_64-conda_cos6-linux-gnu/lib]
  collapse library dir [/home/thor/anaconda3/bin/../x86_64-conda_cos6-linux-gnu/sysroot/lib/../lib] ==> [/home/thor/anaconda3/x86_64-conda_cos6-linux-gnu/sysroot/lib]
  collapse library dir [/home/thor/anaconda3/bin/../x86_64-conda_cos6-linux-gnu/sysroot/usr/lib/../lib] ==> [/home/thor/anaconda3/x86_64-conda_cos6-linux-gnu/sysroot/usr/lib]
  collapse library dir [/home/thor/anaconda3/bin/../lib/gcc/x86_64-conda_cos6-linux-gnu/7.3.0/../../../../x86_64-conda_cos6-linux-gnu/lib] ==> [/home/thor/anaconda3/x86_64-conda_cos6-linux-gnu/lib]
  collapse library dir [/home/thor/anaconda3/bin/../x86_64-conda_cos6-linux-gnu/sysroot/lib] ==> [/home/thor/anaconda3/x86_64-conda_cos6-linux-gnu/sysroot/lib]
  collapse library dir [/home/thor/anaconda3/bin/../x86_64-conda_cos6-linux-gnu/sysroot/usr/lib] ==> [/home/thor/anaconda3/x86_64-conda_cos6-linux-gnu/sysroot/usr/lib]
  implicit libs: [stdc++;m;gcc_s;gcc;c;gcc_s;gcc]
  implicit dirs: [/home/thor/anaconda3/lib;/home/thor/anaconda3/lib/gcc/x86_64-conda_cos6-linux-gnu/7.3.0;/home/thor/anaconda3/lib/gcc;/home/thor/anaconda3/x86_64-conda_cos6-linux-gnu/lib;/home/thor/anaconda3/x86_64-conda_cos6-linux-gnu/sysroot/lib;/home/thor/anaconda3/x86_64-conda_cos6-linux-gnu/sysroot/usr/lib]
  implicit fwks: []


Determining if the include file sys/types.h exists passed with the following output:
Change Dir: /home/thor/Progs/imgui_test/Assignments/Assiignment3/depends/DevIL/build/CMakeFiles/CMakeTmp

Run Build Command(s):/usr/bin/make cmTC_65428/fast && /usr/bin/make -f CMakeFiles/cmTC_65428.dir/build.make CMakeFiles/cmTC_65428.dir/build
make[1]: Entering directory '/home/thor/Progs/imgui_test/Assignments/Assiignment3/depends/DevIL/build/CMakeFiles/CMakeTmp'
Building C object CMakeFiles/cmTC_65428.dir/CheckIncludeFile.c.o
/home/thor/anaconda3/bin/x86_64-conda_cos6-linux-gnu-cc   -march=nocona -mtune=haswell -ftree-vectorize -fPIC -fstack-protector-strong -fno-plt -O2 -ffunction-sections -pipe -isystem /home/thor/anaconda3/include    -o CMakeFiles/cmTC_65428.dir/CheckIncludeFile.c.o   -c /home/thor/Progs/imgui_test/Assignments/Assiignment3/depends/DevIL/build/CMakeFiles/CMakeTmp/CheckIncludeFile.c
Linking C executable cmTC_65428
/usr/local/bin/cmake -E cmake_link_script CMakeFiles/cmTC_65428.dir/link.txt --verbose=1
/home/thor/anaconda3/bin/x86_64-conda_cos6-linux-gnu-cc -march=nocona -mtune=haswell -ftree-vectorize -fPIC -fstack-protector-strong -fno-plt -O2 -ffunction-sections -pipe -isystem /home/thor/anaconda3/include   -Wl,-O2 -Wl,--sort-common -Wl,--as-needed -Wl,-z,relro -Wl,-z,now -Wl,--disable-new-dtags -Wl,--gc-sections -Wl,-rpath,/home/thor/anaconda3/lib -Wl,-rpath-link,/home/thor/anaconda3/lib -L/home/thor/anaconda3/lib  -rdynamic CMakeFiles/cmTC_65428.dir/CheckIncludeFile.c.o  -o cmTC_65428 
make[1]: Leaving directory '/home/thor/Progs/imgui_test/Assignments/Assiignment3/depends/DevIL/build/CMakeFiles/CMakeTmp'



Determining if the include file stdint.h exists passed with the following output:
Change Dir: /home/thor/Progs/imgui_test/Assignments/Assiignment3/depends/DevIL/build/CMakeFiles/CMakeTmp

Run Build Command(s):/usr/bin/make cmTC_c2709/fast && /usr/bin/make -f CMakeFiles/cmTC_c2709.dir/build.make CMakeFiles/cmTC_c2709.dir/build
make[1]: Entering directory '/home/thor/Progs/imgui_test/Assignments/Assiignment3/depends/DevIL/build/CMakeFiles/CMakeTmp'
Building C object CMakeFiles/cmTC_c2709.dir/CheckIncludeFile.c.o
/home/thor/anaconda3/bin/x86_64-conda_cos6-linux-gnu-cc   -march=nocona -mtune=haswell -ftree-vectorize -fPIC -fstack-protector-strong -fno-plt -O2 -ffunction-sections -pipe -isystem /home/thor/anaconda3/include    -o CMakeFiles/cmTC_c2709.dir/CheckIncludeFile.c.o   -c /home/thor/Progs/imgui_test/Assignments/Assiignment3/depends/DevIL/build/CMakeFiles/CMakeTmp/CheckIncludeFile.c
Linking C executable cmTC_c2709
/usr/local/bin/cmake -E cmake_link_script CMakeFiles/cmTC_c2709.dir/link.txt --verbose=1
/home/thor/anaconda3/bin/x86_64-conda_cos6-linux-gnu-cc -march=nocona -mtune=haswell -ftree-vectorize -fPIC -fstack-protector-strong -fno-plt -O2 -ffunction-sections -pipe -isystem /home/thor/anaconda3/include   -Wl,-O2 -Wl,--sort-common -Wl,--as-needed -Wl,-z,relro -Wl,-z,now -Wl,--disable-new-dtags -Wl,--gc-sections -Wl,-rpath,/home/thor/anaconda3/lib -Wl,-rpath-link,/home/thor/anaconda3/lib -L/home/thor/anaconda3/lib  -rdynamic CMakeFiles/cmTC_c2709.dir/CheckIncludeFile.c.o  -o cmTC_c2709 
make[1]: Leaving directory '/home/thor/Progs/imgui_test/Assignments/Assiignment3/depends/DevIL/build/CMakeFiles/CMakeTmp'



Determining if the include file stddef.h exists passed with the following output:
Change Dir: /home/thor/Progs/imgui_test/Assignments/Assiignment3/depends/DevIL/build/CMakeFiles/CMakeTmp

Run Build Command(s):/usr/bin/make cmTC_f66c3/fast && /usr/bin/make -f CMakeFiles/cmTC_f66c3.dir/build.make CMakeFiles/cmTC_f66c3.dir/build
make[1]: Entering directory '/home/thor/Progs/imgui_test/Assignments/Assiignment3/depends/DevIL/build/CMakeFiles/CMakeTmp'
Building C object CMakeFiles/cmTC_f66c3.dir/CheckIncludeFile.c.o
/home/thor/anaconda3/bin/x86_64-conda_cos6-linux-gnu-cc   -march=nocona -mtune=haswell -ftree-vectorize -fPIC -fstack-protector-strong -fno-plt -O2 -ffunction-sections -pipe -isystem /home/thor/anaconda3/include    -o CMakeFiles/cmTC_f66c3.dir/CheckIncludeFile.c.o   -c /home/thor/Progs/imgui_test/Assignments/Assiignment3/depends/DevIL/build/CMakeFiles/CMakeTmp/CheckIncludeFile.c
Linking C executable cmTC_f66c3
/usr/local/bin/cmake -E cmake_link_script CMakeFiles/cmTC_f66c3.dir/link.txt --verbose=1
/home/thor/anaconda3/bin/x86_64-conda_cos6-linux-gnu-cc -march=nocona -mtune=haswell -ftree-vectorize -fPIC -fstack-protector-strong -fno-plt -O2 -ffunction-sections -pipe -isystem /home/thor/anaconda3/include   -Wl,-O2 -Wl,--sort-common -Wl,--as-needed -Wl,-z,relro -Wl,-z,now -Wl,--disable-new-dtags -Wl,--gc-sections -Wl,-rpath,/home/thor/anaconda3/lib -Wl,-rpath-link,/home/thor/anaconda3/lib -L/home/thor/anaconda3/lib  -rdynamic CMakeFiles/cmTC_f66c3.dir/CheckIncludeFile.c.o  -o cmTC_f66c3 
make[1]: Leaving directory '/home/thor/Progs/imgui_test/Assignments/Assiignment3/depends/DevIL/build/CMakeFiles/CMakeTmp'



Determining size of unsigned short passed with the following output:
Change Dir: /home/thor/Progs/imgui_test/Assignments/Assiignment3/depends/DevIL/build/CMakeFiles/CMakeTmp

Run Build Command(s):/usr/bin/make cmTC_adb5c/fast && /usr/bin/make -f CMakeFiles/cmTC_adb5c.dir/build.make CMakeFiles/cmTC_adb5c.dir/build
make[1]: Entering directory '/home/thor/Progs/imgui_test/Assignments/Assiignment3/depends/DevIL/build/CMakeFiles/CMakeTmp'
Building C object CMakeFiles/cmTC_adb5c.dir/CMAKE_SIZEOF_UNSIGNED_SHORT.c.o
/home/thor/anaconda3/bin/x86_64-conda_cos6-linux-gnu-cc   -march=nocona -mtune=haswell -ftree-vectorize -fPIC -fstack-protector-strong -fno-plt -O2 -ffunction-sections -pipe -isystem /home/thor/anaconda3/include    -o CMakeFiles/cmTC_adb5c.dir/CMAKE_SIZEOF_UNSIGNED_SHORT.c.o   -c /home/thor/Progs/imgui_test/Assignments/Assiignment3/depends/DevIL/build/CMakeFiles/CheckTypeSize/CMAKE_SIZEOF_UNSIGNED_SHORT.c
Linking C executable cmTC_adb5c
/usr/local/bin/cmake -E cmake_link_script CMakeFiles/cmTC_adb5c.dir/link.txt --verbose=1
/home/thor/anaconda3/bin/x86_64-conda_cos6-linux-gnu-cc -march=nocona -mtune=haswell -ftree-vectorize -fPIC -fstack-protector-strong -fno-plt -O2 -ffunction-sections -pipe -isystem /home/thor/anaconda3/include   -Wl,-O2 -Wl,--sort-common -Wl,--as-needed -Wl,-z,relro -Wl,-z,now -Wl,--disable-new-dtags -Wl,--gc-sections -Wl,-rpath,/home/thor/anaconda3/lib -Wl,-rpath-link,/home/thor/anaconda3/lib -L/home/thor/anaconda3/lib  -rdynamic CMakeFiles/cmTC_adb5c.dir/CMAKE_SIZEOF_UNSIGNED_SHORT.c.o  -o cmTC_adb5c 
make[1]: Leaving directory '/home/thor/Progs/imgui_test/Assignments/Assiignment3/depends/DevIL/build/CMakeFiles/CMakeTmp'



Determining if the system is big endian passed with the following output:
Change Dir: /home/thor/Progs/imgui_test/Assignments/Assiignment3/depends/DevIL/build/CMakeFiles/CMakeTmp

Run Build Command(s):/usr/bin/make cmTC_1785b/fast && /usr/bin/make -f CMakeFiles/cmTC_1785b.dir/build.make CMakeFiles/cmTC_1785b.dir/build
make[1]: Entering directory '/home/thor/Progs/imgui_test/Assignments/Assiignment3/depends/DevIL/build/CMakeFiles/CMakeTmp'
Building C object CMakeFiles/cmTC_1785b.dir/TestEndianess.c.o
/home/thor/anaconda3/bin/x86_64-conda_cos6-linux-gnu-cc   -march=nocona -mtune=haswell -ftree-vectorize -fPIC -fstack-protector-strong -fno-plt -O2 -ffunction-sections -pipe -isystem /home/thor/anaconda3/include    -o CMakeFiles/cmTC_1785b.dir/TestEndianess.c.o   -c /home/thor/Progs/imgui_test/Assignments/Assiignment3/depends/DevIL/build/CMakeFiles/CMakeTmp/TestEndianess.c
Linking C executable cmTC_1785b
/usr/local/bin/cmake -E cmake_link_script CMakeFiles/cmTC_1785b.dir/link.txt --verbose=1
/home/thor/anaconda3/bin/x86_64-conda_cos6-linux-gnu-cc -march=nocona -mtune=haswell -ftree-vectorize -fPIC -fstack-protector-strong -fno-plt -O2 -ffunction-sections -pipe -isystem /home/thor/anaconda3/include   -Wl,-O2 -Wl,--sort-common -Wl,--as-needed -Wl,-z,relro -Wl,-z,now -Wl,--disable-new-dtags -Wl,--gc-sections -Wl,-rpath,/home/thor/anaconda3/lib -Wl,-rpath-link,/home/thor/anaconda3/lib -L/home/thor/anaconda3/lib  -rdynamic CMakeFiles/cmTC_1785b.dir/TestEndianess.c.o  -o cmTC_1785b 
make[1]: Leaving directory '/home/thor/Progs/imgui_test/Assignments/Assiignment3/depends/DevIL/build/CMakeFiles/CMakeTmp'


TestEndianess.c:
/* A 16 bit integer is required. */
typedef unsigned short cmakeint16;

/* On a little endian machine, these 16bit ints will give "THIS IS LITTLE ENDIAN."
   On a big endian machine the characters will be exchanged pairwise. */
const cmakeint16 info_little[] =  {0x4854, 0x5349, 0x4920, 0x2053, 0x494c, 0x5454, 0x454c, 0x4520, 0x444e, 0x4149, 0x2e4e, 0x0000};

/* on a big endian machine, these 16bit ints will give "THIS IS BIG ENDIAN."
   On a little endian machine the characters will be exchanged pairwise. */
const cmakeint16 info_big[] =     {0x5448, 0x4953, 0x2049, 0x5320, 0x4249, 0x4720, 0x454e, 0x4449, 0x414e, 0x2e2e, 0x0000};

#ifdef __CLASSIC_C__
int main(argc, argv) int argc; char *argv[];
#else
int main(int argc, char *argv[])
#endif
{
  int require = 0;
  require += info_little[argc];
  require += info_big[argc];
  (void)argv;
  return require;
}


